#
# A fatal error has been detected by the Java Runtime Environment:
#
#  EXCEPTION_ACCESS_VIOLATION (0xc0000005) at pc=0x00007ffcaddab2cf, pid=8776, tid=15004
#
# JRE version: Java(TM) SE Runtime Environment (11.0.1+13) (build 11.0.1+13-LTS)
# Java VM: Java HotSpot(TM) 64-Bit Server VM (11.0.1+13-LTS, mixed mode, tiered, compressed oops, g1 gc, windows-amd64)
# Problematic frame:
# V  [jvm.dll+0x37b2cf]
#
# No core dump will be written. Minidumps are not enabled by default on client versions of Windows
#
# If you would like to submit a bug report, please visit:
#   http://bugreport.java.com/bugreport/crash.jsp
#

---------------  S U M M A R Y ------------

Command Line: -javaagent:C:\Program Files\JetBrains\IntelliJ IDEA 2018.1.4\lib\coverage-agent.jar=C:\Users\raya\AppData\Local\Temp\coverage2args -XX:TieredStopAtLevel=1 -Xverify:none -Dspring.output.ansi.enabled=always -Dcom.sun.management.jmxremote -Dcom.sun.management.jmxremote.port=57129 -Dcom.sun.management.jmxremote.authenticate=false -Dcom.sun.management.jmxremote.ssl=false -Djava.rmi.server.hostname=localhost -Dspring.liveBeansView.mbeanDomain -Dspring.application.admin.enabled=true -Didea.launcher.port=57130 -Didea.launcher.bin.path=C:\Program Files\JetBrains\IntelliJ IDEA 2018.1.4\bin -Dfile.encoding=UTF-8 com.intellij.rt.execution.application.AppMainV2 norvina.NotinoApplication

Host: Intel(R) Core(TM) i5-7200U CPU @ 2.50GHz, 4 cores, 7G,  Windows 10 , 64 bit Build 17134 (10.0.17134.648)
Time: Sun Apr  7 20:52:43 2019 FLE Daylight Time elapsed time: 8 seconds (0d 0h 0m 8s)

---------------  T H R E A D  ---------------

Current thread (0x000001e5407a8800):  JavaThread "main" [_thread_in_vm, id=15004, stack(0x0000008bbef00000,0x0000008bbf000000)]

Stack: [0x0000008bbef00000,0x0000008bbf000000],  sp=0x0000008bbeffba80,  free space=1006k
Native frames: (J=compiled Java code, j=interpreted, Vv=VM code, C=native code)
V  [jvm.dll+0x37b2cf]
V  [jvm.dll+0x37cd7b]
V  [jvm.dll+0x37a794]
V  [jvm.dll+0x68f880]
V  [jvm.dll+0x53398a]
V  [jvm.dll+0x53570d]
V  [jvm.dll+0x535b78]
V  [jvm.dll+0x38c96a]
V  [jvm.dll+0x38c466]
C  0x000001e548adccd4

Java frames: (J=compiled Java code, j=interpreted, Vv=VM code)
j  norvina.config.ApplicationCloudConfiguration$1.<init>(Lnorvina/config/ApplicationCloudConfiguration;)V+36
j  norvina.config.ApplicationCloudConfiguration.cloudinary()Lcom/cloudinary/Cloudinary;+22
j  norvina.config.ApplicationCloudConfiguration$$EnhancerBySpringCGLIB$$787b8a96.CGLIB$cloudinary$0()Lcom/cloudinary/Cloudinary;+7
j  norvina.config.ApplicationCloudConfiguration$$EnhancerBySpringCGLIB$$787b8a96$$FastClassBySpringCGLIB$$8ee5a56f.invoke(ILjava/lang/Object;[Ljava/lang/Object;)Ljava/lang/Object;+139
j  org.springframework.cglib.proxy.MethodProxy.invokeSuper(Ljava/lang/Object;[Ljava/lang/Object;)Ljava/lang/Object;+49
j  org.springframework.context.annotation.ConfigurationClassEnhancer$BeanMethodInterceptor.intercept(Ljava/lang/Object;Ljava/lang/reflect/Method;[Ljava/lang/Object;Lorg/springframework/cglib/proxy/MethodProxy;)Ljava/lang/Object;+358
j  norvina.config.ApplicationCloudConfiguration$$EnhancerBySpringCGLIB$$787b8a96.cloudinary()Lcom/cloudinary/Cloudinary;+37
v  ~StubRoutines::call_stub
J 2722  jdk.internal.reflect.NativeMethodAccessorImpl.invoke0(Ljava/lang/reflect/Method;Ljava/lang/Object;[Ljava/lang/Object;)Ljava/lang/Object; java.base@11.0.1 (0 bytes) @ 0x000001e5495e3b3f [0x000001e5495e3ac0+0x000000000000007f]
J 2721 c1 jdk.internal.reflect.NativeMethodAccessorImpl.invoke(Ljava/lang/Object;[Ljava/lang/Object;)Ljava/lang/Object; java.base@11.0.1 (104 bytes) @ 0x000001e5495e43d4 [0x000001e5495e4040+0x0000000000000394]
J 2711 c1 jdk.internal.reflect.DelegatingMethodAccessorImpl.invoke(Ljava/lang/Object;[Ljava/lang/Object;)Ljava/lang/Object; java.base@11.0.1 (10 bytes) @ 0x000001e5495e0384 [0x000001e5495e0340+0x0000000000000044]
J 2720 c1 java.lang.reflect.Method.invoke(Ljava/lang/Object;[Ljava/lang/Object;)Ljava/lang/Object; java.base@11.0.1 (65 bytes) @ 0x000001e5495e36d4 [0x000001e5495e35e0+0x00000000000000f4]
j  org.springframework.beans.factory.support.SimpleInstantiationStrategy.instantiate(Lorg/springframework/beans/factory/support/RootBeanDefinition;Ljava/lang/String;Lorg/springframework/beans/factory/BeanFactory;Ljava/lang/Object;Ljava/lang/reflect/Method;[Ljava/lang/Object;)Ljava/lang/Object;+105
j  org.springframework.beans.factory.support.ConstructorResolver.instantiate(Ljava/lang/String;Lorg/springframework/beans/factory/support/RootBeanDefinition;Ljava/lang/Object;Ljava/lang/reflect/Method;[Ljava/lang/Object;)Ljava/lang/Object;+95
j  org.springframework.beans.factory.support.ConstructorResolver.instantiateUsingFactoryMethod(Ljava/lang/String;Lorg/springframework/beans/factory/support/RootBeanDefinition;[Ljava/lang/Object;)Lorg/springframework/beans/BeanWrapper;+840
j  org.springframework.beans.factory.support.AbstractAutowireCapableBeanFactory.instantiateUsingFactoryMethod(Ljava/lang/String;Lorg/springframework/beans/factory/support/RootBeanDefinition;[Ljava/lang/Object;)Lorg/springframework/beans/BeanWrapper;+26
j  org.springframework.beans.factory.support.AbstractAutowireCapableBeanFactory.createBeanInstance(Ljava/lang/String;Lorg/springframework/beans/factory/support/RootBeanDefinition;[Ljava/lang/Object;)Lorg/springframework/beans/BeanWrapper;+181
j  org.springframework.beans.factory.support.AbstractAutowireCapableBeanFactory.doCreateBean(Ljava/lang/String;Lorg/springframework/beans/factory/support/RootBeanDefinition;[Ljava/lang/Object;)Ljava/lang/Object;+81
j  org.springframework.beans.factory.support.AbstractAutowireCapableBeanFactory.createBean(Ljava/lang/String;Lorg/springframework/beans/factory/support/RootBeanDefinition;[Ljava/lang/Object;)Ljava/lang/Object;+324
j  org.springframework.beans.factory.support.AbstractBeanFactory.lambda$doGetBean$0(Ljava/lang/String;Lorg/springframework/beans/factory/support/RootBeanDefinition;[Ljava/lang/Object;)Ljava/lang/Object;+19
j  org.springframework.beans.factory.support.AbstractBeanFactory$$Lambda$223.getObject()Ljava/lang/Object;+16
j  org.springframework.beans.factory.support.DefaultSingletonBeanRegistry.getSingleton(Ljava/lang/String;Lorg/springframework/beans/factory/ObjectFactory;)Ljava/lang/Object;+237
j  org.springframework.beans.factory.support.AbstractBeanFactory.doGetBean(Ljava/lang/String;Ljava/lang/Class;[Ljava/lang/Object;Z)Ljava/lang/Object;+771
j  org.springframework.beans.factory.support.AbstractBeanFactory.getBean(Ljava/lang/String;)Ljava/lang/Object;+18
j  org.springframework.beans.factory.config.DependencyDescriptor.resolveCandidate(Ljava/lang/String;Ljava/lang/Class;Lorg/springframework/beans/factory/BeanFactory;)Ljava/lang/Object;+17
j  org.springframework.beans.factory.support.DefaultListableBeanFactory.doResolveDependency(Lorg/springframework/beans/factory/config/DependencyDescriptor;Ljava/lang/String;Ljava/util/Set;Lorg/springframework/beans/TypeConverter;)Ljava/lang/Object;+879
j  org.springframework.beans.factory.support.DefaultListableBeanFactory.resolveDependency(Lorg/springframework/beans/factory/config/DependencyDescriptor;Ljava/lang/String;Ljava/util/Set;Lorg/springframework/beans/TypeConverter;)Ljava/lang/Object;+204
j  org.springframework.beans.factory.support.ConstructorResolver.resolveAutowiredArgument(Lorg/springframework/core/MethodParameter;Ljava/lang/String;Ljava/util/Set;Lorg/springframework/beans/TypeConverter;Z)Ljava/lang/Object;+144
j  org.springframework.beans.factory.support.ConstructorResolver.createArgumentArray(Ljava/lang/String;Lorg/springframework/beans/factory/support/RootBeanDefinition;Lorg/springframework/beans/factory/config/ConstructorArgumentValues;Lorg/springframework/beans/BeanWrapper;[Ljava/lang/Class;[Ljava/lang/String;Ljava/lang/reflect/Executable;ZZ)Lorg/springframework/beans/factory/support/ConstructorResolver$ArgumentsHolder;+775
j  org.springframework.beans.factory.support.ConstructorResolver.autowireConstructor(Ljava/lang/String;Lorg/springframework/beans/factory/support/RootBeanDefinition;[Ljava/lang/reflect/Constructor;[Ljava/lang/Object;)Lorg/springframework/beans/BeanWrapper;+1069
j  org.springframework.beans.factory.support.AbstractAutowireCapableBeanFactory.autowireConstructor(Ljava/lang/String;Lorg/springframework/beans/factory/support/RootBeanDefinition;[Ljava/lang/reflect/Constructor;[Ljava/lang/Object;)Lorg/springframework/beans/BeanWrapper;+28
j  org.springframework.beans.factory.support.AbstractAutowireCapableBeanFactory.createBeanInstance(Ljava/lang/String;Lorg/springframework/beans/factory/support/RootBeanDefinition;[Ljava/lang/Object;)Lorg/springframework/beans/BeanWrapper;+429
j  org.springframework.beans.factory.support.AbstractAutowireCapableBeanFactory.doCreateBean(Ljava/lang/String;Lorg/springframework/beans/factory/support/RootBeanDefinition;[Ljava/lang/Object;)Ljava/lang/Object;+81
j  org.springframework.beans.factory.support.AbstractAutowireCapableBeanFactory.createBean(Ljava/lang/String;Lorg/springframework/beans/factory/support/RootBeanDefinition;[Ljava/lang/Object;)Ljava/lang/Object;+324
j  org.springframework.beans.factory.support.AbstractBeanFactory.lambda$doGetBean$0(Ljava/lang/String;Lorg/springframework/beans/factory/support/RootBeanDefinition;[Ljava/lang/Object;)Ljava/lang/Object;+19
j  org.springframework.beans.factory.support.AbstractBeanFactory$$Lambda$223.getObject()Ljava/lang/Object;+16
j  org.springframework.beans.factory.support.DefaultSingletonBeanRegistry.getSingleton(Ljava/lang/String;Lorg/springframework/beans/factory/ObjectFactory;)Ljava/lang/Object;+237
j  org.springframework.beans.factory.support.AbstractBeanFactory.doGetBean(Ljava/lang/String;Ljava/lang/Class;[Ljava/lang/Object;Z)Ljava/lang/Object;+771
j  org.springframework.beans.factory.support.AbstractBeanFactory.getBean(Ljava/lang/String;)Ljava/lang/Object;+18
j  org.springframework.beans.factory.support.DefaultListableBeanFactory.preInstantiateSingletons()V+402
j  org.springframework.context.support.AbstractApplicationContext.finishBeanFactoryInitialization(Lorg/springframework/beans/factory/config/ConfigurableListableBeanFactory;)V+237
j  org.springframework.context.support.AbstractApplicationContext.refresh()V+144
j  org.springframework.boot.web.servlet.context.ServletWebServerApplicationContext.refresh()V+14
j  org.springframework.boot.SpringApplication.refresh(Lorg/springframework/context/ApplicationContext;)V+31
j  org.springframework.boot.SpringApplication.refreshContext(Lorg/springframework/context/ConfigurableApplicationContext;)V+15
j  org.springframework.boot.SpringApplication.run([Ljava/lang/String;)Lorg/springframework/context/ConfigurableApplicationContext;+236
j  org.springframework.boot.SpringApplication.run([Ljava/lang/Class;[Ljava/lang/String;)Lorg/springframework/context/ConfigurableApplicationContext;+22
j  org.springframework.boot.SpringApplication.run(Ljava/lang/Class;[Ljava/lang/String;)Lorg/springframework/context/ConfigurableApplicationContext;+22
j  norvina.NotinoApplication.main([Ljava/lang/String;)V+16
v  ~StubRoutines::call_stub
j  jdk.internal.reflect.NativeMethodAccessorImpl.invoke0(Ljava/lang/reflect/Method;Ljava/lang/Object;[Ljava/lang/Object;)Ljava/lang/Object;+0 java.base@11.0.1
j  jdk.internal.reflect.NativeMethodAccessorImpl.invoke(Ljava/lang/Object;[Ljava/lang/Object;)Ljava/lang/Object;+100 java.base@11.0.1
j  jdk.internal.reflect.DelegatingMethodAccessorImpl.invoke(Ljava/lang/Object;[Ljava/lang/Object;)Ljava/lang/Object;+6 java.base@11.0.1
j  java.lang.reflect.Method.invoke(Ljava/lang/Object;[Ljava/lang/Object;)Ljava/lang/Object;+59 java.base@11.0.1
j  com.intellij.rt.execution.application.AppMainV2.main([Ljava/lang/String;)V+184
v  ~StubRoutines::call_stub

siginfo: EXCEPTION_ACCESS_VIOLATION (0xc0000005), reading address 0xffffffffffffffff


Register to memory mapping:

RIP=0x00007ffcaddab2cf jvm.dll
RAX=0x000001e560cfcb30 points into unknown readable memory
RBX=0x00000001007f8d88 is pointing into metadata
RCX=0x00000001007f8d88 is pointing into metadata
RDX=0x112c0003b7dc0002 is an unknown value
RSP=0x0000008bbeffba80 is pointing into the stack for thread: 0x000001e5407a8800
RBP=0x0000000082111000 is an oop
jdk.internal.loader.ClassLoaders$AppClassLoader 
{0x0000000082111000} - klass: 'jdk/internal/loader/ClassLoaders$AppClassLoader'
RSI=0x00000001007f8d88 is pointing into metadata
RDI=0x112c0003b7dc0002 is an unknown value
R8 =0x00007ffcae2cc0b0 jvm.dll
R9 =0x000000000000000a is an unknown value
R10=0x000001e540793230 points into unknown readable memory
R11=0x000001e56519e4e0 is pointing into metadata
R12=0x00000001007f8d88 is pointing into metadata
R13=0x000001e55e993ff0 points into unknown readable memory
R14=0x000001e5407a8800 is a thread
R15=0x00000001003a0d50 is pointing into metadata


Registers:
RAX=0x000001e560cfcb30, RBX=0x00000001007f8d88, RCX=0x00000001007f8d88, RDX=0x112c0003b7dc0002
RSP=0x0000008bbeffba80, RBP=0x0000000082111000, RSI=0x00000001007f8d88, RDI=0x112c0003b7dc0002
R8 =0x00007ffcae2cc0b0, R9 =0x000000000000000a, R10=0x000001e540793230, R11=0x000001e56519e4e0
R12=0x00000001007f8d88, R13=0x000001e55e993ff0, R14=0x000001e5407a8800, R15=0x00000001003a0d50
RIP=0x00007ffcaddab2cf, EFLAGS=0x0000000000010206

Top of Stack: (sp=0x0000008bbeffba80)
0x0000008bbeffba80:   00000001003a0d01 00007ffcae0ef29d
0x0000008bbeffba90:   000001e56519e4e0 000001e5407a8800
0x0000008bbeffbaa0:   112c0003b7dc0002 00007ffcaddacd7b
0x0000008bbeffbab0:   000001e5407a8800 00000001003a0d50
0x0000008bbeffbac0:   00000001007f8d88 000001e5407a9900
0x0000008bbeffbad0:   000001e5407a8800 000001e5407a8800
0x0000008bbeffbae0:   000000000000000a 00007ffcae001486
0x0000008bbeffbaf0:   0000000000000000 0000008bbeffbb40
0x0000008bbeffbb00:   000001e5407a8800 00007ffcae000f6c
0x0000008bbeffbb10:   000001e55e993ff0 00007ffcae140312
0x0000008bbeffbb20:   000001e5407a9920 000001e5407a9920
0x0000008bbeffbb30:   000001e5407a8800 000001e5407a8800
0x0000008bbeffbb40:   0000008bbeffbba0 000001e5407a8800
0x0000008bbeffbb50:   0000008bbeffbb80 000001e5407a0000
0x0000008bbeffbb60:   0000000000000000 00007ffcadf64500
0x0000008bbeffbb70:   0000000100000820 00007ffcadc37f4d 

Instructions: (pc=0x00007ffcaddab2cf)
0x00007ffcaddab2af:   57 48 83 ec 20 48 8b fa 48 8b d9 e8 11 bf 19 00
0x00007ffcaddab2bf:   4c 8b 03 48 8b cb 48 8b e8 41 ff 90 90 00 00 00
0x00007ffcaddab2cf:   81 7f 08 00 00 00 c0 48 8b f0 7d 07 48 8b bf f0
0x00007ffcaddab2df:   00 00 00 83 7f 08 00 7e 19 48 8b cf e8 e0 be 19 



---------------  P R O C E S S  ---------------

Threads class SMR info:
_java_thread_list=0x000001e563241300, length=25, elements={
0x000001e5407a8800, 0x000001e55eae1000, 0x000001e55eaec000, 0x000001e55f453800,
0x000001e55eafd000, 0x000001e55eb00000, 0x000001e55eb01000, 0x000001e55f56f000,
0x000001e55f578800, 0x000001e55f579000, 0x000001e55f776800, 0x000001e55fd4b800,
0x000001e55fd4d800, 0x000001e55fd68000, 0x000001e55fd78000, 0x000001e560994800,
0x000001e560995800, 0x000001e5609c6800, 0x000001e5616e5000, 0x000001e5616e2800,
0x000001e5616e3800, 0x000001e5616e7800, 0x000001e5616e4000, 0x000001e5616e6000,
0x000001e5616e6800
}

Java Threads: ( => current thread )
=>0x000001e5407a8800 JavaThread "main" [_thread_in_vm, id=15004, stack(0x0000008bbef00000,0x0000008bbf000000)]
  0x000001e55eae1000 JavaThread "Reference Handler" daemon [_thread_blocked, id=5796, stack(0x0000008bbf600000,0x0000008bbf700000)]
  0x000001e55eaec000 JavaThread "Finalizer" daemon [_thread_blocked, id=14996, stack(0x0000008bbf700000,0x0000008bbf800000)]
  0x000001e55f453800 JavaThread "Signal Dispatcher" daemon [_thread_blocked, id=14456, stack(0x0000008bbf800000,0x0000008bbf900000)]
  0x000001e55eafd000 JavaThread "Attach Listener" daemon [_thread_blocked, id=8232, stack(0x0000008bbf900000,0x0000008bbfa00000)]
  0x000001e55eb00000 JavaThread "C1 CompilerThread0" daemon [_thread_blocked, id=10756, stack(0x0000008bbfa00000,0x0000008bbfb00000)]
  0x000001e55eb01000 JavaThread "Sweeper thread" daemon [_thread_blocked, id=15032, stack(0x0000008bbfb00000,0x0000008bbfc00000)]
  0x000001e55f56f000 JavaThread "Common-Cleaner" daemon [_thread_blocked, id=12752, stack(0x0000008bbfc00000,0x0000008bbfd00000)]
  0x000001e55f578800 JavaThread "C1 CompilerThread1" daemon [_thread_blocked, id=4180, stack(0x0000008bbfd00000,0x0000008bbfe00000)]
  0x000001e55f579000 JavaThread "C1 CompilerThread2" daemon [_thread_blocked, id=15144, stack(0x0000008bbfe00000,0x0000008bbff00000)]
  0x000001e55f776800 JavaThread "Service Thread" daemon [_thread_blocked, id=6548, stack(0x0000008bbff00000,0x0000008bc0000000)]
  0x000001e55fd4b800 JavaThread "RMI TCP Accept-0" daemon [_thread_in_native, id=5196, stack(0x0000008bc0300000,0x0000008bc0400000)]
  0x000001e55fd4d800 JavaThread "RMI TCP Accept-57129" daemon [_thread_in_native, id=11640, stack(0x0000008bc0400000,0x0000008bc0500000)]
  0x000001e55fd68000 JavaThread "RMI TCP Accept-0" daemon [_thread_in_native, id=7824, stack(0x0000008bc0500000,0x0000008bc0600000)]
  0x000001e55fd78000 JavaThread "Monitor Ctrl-Break" daemon [_thread_in_native, id=13608, stack(0x0000008bc0700000,0x0000008bc0800000)]
  0x000001e560994800 JavaThread "RMI TCP Connection(1)-127.0.0.1" daemon [_thread_in_native, id=11244, stack(0x0000008bc0800000,0x0000008bc0900000)]
  0x000001e560995800 JavaThread "RMI Scheduler(0)" daemon [_thread_blocked, id=8736, stack(0x0000008bc0900000,0x0000008bc0a00000)]
  0x000001e5609c6800 JavaThread "RMI TCP Connection(4)-127.0.0.1" daemon [_thread_in_native, id=12628, stack(0x0000008bc0a00000,0x0000008bc0b00000)]
  0x000001e5616e5000 JavaThread "Catalina-utility-1" [_thread_blocked, id=14356, stack(0x0000008bc0b00000,0x0000008bc0c00000)]
  0x000001e5616e2800 JavaThread "Catalina-utility-2" [_thread_blocked, id=15292, stack(0x0000008bc0d00000,0x0000008bc0e00000)]
  0x000001e5616e3800 JavaThread "container-0" [_thread_blocked, id=10124, stack(0x0000008bc0e00000,0x0000008bc0f00000)]
  0x000001e5616e7800 JavaThread "mysql-cj-abandoned-connection-cleanup" daemon [_thread_blocked, id=14388, stack(0x0000008bc0f00000,0x0000008bc1000000)]
  0x000001e5616e4000 JavaThread "HikariPool-1 housekeeper" daemon [_thread_blocked, id=8292, stack(0x0000008bc1100000,0x0000008bc1200000)]
  0x000001e5616e6000 JavaThread "HikariPool-1 connection adder" daemon [_thread_blocked, id=5268, stack(0x0000008bc1200000,0x0000008bc1300000)]
  0x000001e5616e6800 JavaThread "RMI TCP Connection(3)-127.0.0.1" daemon [_thread_in_native, id=8420, stack(0x0000008bc1300000,0x0000008bc1400000)]

Other Threads:
  0x000001e55eabd800 VMThread "VM Thread" [stack: 0x0000008bbf500000,0x0000008bbf600000] [id=15168]
  0x000001e55fd4e000 WatcherThread [stack: 0x0000008bc0600000,0x0000008bc0700000] [id=4008]
  0x000001e5407c1000 GCTaskThread "GC Thread#0" [stack: 0x0000008bbf000000,0x0000008bbf100000] [id=3948]
  0x000001e55fbeb000 GCTaskThread "GC Thread#1" [stack: 0x0000008bc0000000,0x0000008bc0100000] [id=9768]
  0x000001e55fbed000 GCTaskThread "GC Thread#2" [stack: 0x0000008bc0100000,0x0000008bc0200000] [id=14748]
  0x000001e560a28800 GCTaskThread "GC Thread#3" [stack: 0x0000008bc0c00000,0x0000008bc0d00000] [id=2060]
  0x000001e5407f0000 ConcurrentGCThread "G1 Main Marker" [stack: 0x0000008bbf100000,0x0000008bbf200000] [id=15100]
  0x000001e5407f2800 ConcurrentGCThread "G1 Conc#0" [stack: 0x0000008bbf200000,0x0000008bbf300000] [id=3960]
  0x000001e55e922800 ConcurrentGCThread "G1 Refine#0" [stack: 0x0000008bbf300000,0x0000008bbf400000] [id=14044]
  0x000001e55fbfa800 ConcurrentGCThread "G1 Refine#1" [stack: 0x0000008bc0200000,0x0000008bc0300000] [id=8444]
  0x000001e55e923000 ConcurrentGCThread "G1 Young RemSet Sampling" [stack: 0x0000008bbf400000,0x0000008bbf500000] [id=13404]

Threads with active compile tasks:

VM state:not at safepoint (normal execution)

VM Mutex/Monitor currently owned by a thread: None

Heap address: 0x0000000081c00000, size: 2020 MB, Compressed Oops mode: 32-bit
Narrow klass base: 0x0000000000000000, Narrow klass shift: 3
Compressed class space size: 1073741824 Address: 0x0000000100000000

Heap:
 garbage-first heap   total 301056K, used 89088K [0x0000000081c00000, 0x0000000100000000)
  region size 1024K, 41 young (41984K), 11 survivors (11264K)
 Metaspace       used 60284K, capacity 61726K, committed 61800K, reserved 1103872K
  class space    used 7567K, capacity 8182K, committed 8216K, reserved 1048576K
Heap Regions: E=young(eden), S=young(survivor), O=old, HS=humongous(starts), HC=humongous(continues), CS=collection set, F=free, A=archive, TAMS=top-at-mark-start (previous, next)
|   0|0x0000000081c00000, 0x0000000081d00000, 0x0000000081d00000|100%|HS|  |TAMS 0x0000000081d00000, 0x0000000081c00000| Complete 
|   1|0x0000000081d00000, 0x0000000081e00000, 0x0000000081e00000|100%| O|  |TAMS 0x0000000081e00000, 0x0000000081d00000| Untracked 
|   2|0x0000000081e00000, 0x0000000081f00000, 0x0000000081f00000|100%| O|  |TAMS 0x0000000081f00000, 0x0000000081e00000| Untracked 
|   3|0x0000000081f00000, 0x0000000082000000, 0x0000000082000000|100%| O|  |TAMS 0x0000000082000000, 0x0000000081f00000| Untracked 
|   4|0x0000000082000000, 0x0000000082100000, 0x0000000082100000|100%| O|  |TAMS 0x0000000082100000, 0x0000000082000000| Untracked 
|   5|0x0000000082100000, 0x0000000082200000, 0x0000000082200000|100%| O|  |TAMS 0x0000000082200000, 0x0000000082100000| Untracked 
|   6|0x0000000082200000, 0x0000000082300000, 0x0000000082300000|100%| O|  |TAMS 0x0000000082300000, 0x0000000082200000| Untracked 
|   7|0x0000000082300000, 0x0000000082400000, 0x0000000082400000|100%| O|  |TAMS 0x0000000082400000, 0x0000000082300000| Untracked 
|   8|0x0000000082400000, 0x0000000082500000, 0x0000000082500000|100%| O|  |TAMS 0x0000000082500000, 0x0000000082400000| Untracked 
|   9|0x0000000082500000, 0x0000000082600000, 0x0000000082600000|100%| O|  |TAMS 0x0000000082600000, 0x0000000082500000| Untracked 
|  10|0x0000000082600000, 0x0000000082700000, 0x0000000082700000|100%| O|  |TAMS 0x0000000082700000, 0x0000000082600000| Untracked 
|  11|0x0000000082700000, 0x0000000082800000, 0x0000000082800000|100%| O|  |TAMS 0x0000000082800000, 0x0000000082700000| Untracked 
|  12|0x0000000082800000, 0x0000000082900000, 0x0000000082900000|100%| O|  |TAMS 0x0000000082900000, 0x0000000082800000| Untracked 
|  13|0x0000000082900000, 0x0000000082a00000, 0x0000000082a00000|100%| O|  |TAMS 0x0000000082a00000, 0x0000000082900000| Untracked 
|  14|0x0000000082a00000, 0x0000000082b00000, 0x0000000082b00000|100%| O|  |TAMS 0x0000000082b00000, 0x0000000082a00000| Untracked 
|  15|0x0000000082b00000, 0x0000000082c00000, 0x0000000082c00000|100%| O|  |TAMS 0x0000000082c00000, 0x0000000082b00000| Untracked 
|  16|0x0000000082c00000, 0x0000000082d00000, 0x0000000082d00000|100%| O|  |TAMS 0x0000000082d00000, 0x0000000082c00000| Untracked 
|  17|0x0000000082d00000, 0x0000000082e00000, 0x0000000082e00000|100%| O|  |TAMS 0x0000000082e00000, 0x0000000082d00000| Untracked 
|  18|0x0000000082e00000, 0x0000000082f00000, 0x0000000082f00000|100%| O|  |TAMS 0x0000000082f00000, 0x0000000082e00000| Untracked 
|  19|0x0000000082f00000, 0x0000000083000000, 0x0000000083000000|100%| O|  |TAMS 0x0000000083000000, 0x0000000082f00000| Untracked 
|  20|0x0000000083000000, 0x0000000083100000, 0x0000000083100000|100%| O|  |TAMS 0x0000000083100000, 0x0000000083000000| Untracked 
|  21|0x0000000083100000, 0x0000000083200000, 0x0000000083200000|100%| O|  |TAMS 0x0000000083200000, 0x0000000083100000| Untracked 
|  22|0x0000000083200000, 0x0000000083300000, 0x0000000083300000|100%| O|  |TAMS 0x0000000083300000, 0x0000000083200000| Untracked 
|  23|0x0000000083300000, 0x0000000083400000, 0x0000000083400000|100%| O|  |TAMS 0x0000000083400000, 0x0000000083300000| Untracked 
|  24|0x0000000083400000, 0x0000000083500000, 0x0000000083500000|100%| O|  |TAMS 0x0000000083500000, 0x0000000083400000| Untracked 
|  25|0x0000000083500000, 0x0000000083600000, 0x0000000083600000|100%| O|  |TAMS 0x0000000083600000, 0x0000000083500000| Untracked 
|  26|0x0000000083600000, 0x0000000083700000, 0x0000000083700000|100%| O|  |TAMS 0x0000000083700000, 0x0000000083600000| Untracked 
|  27|0x0000000083700000, 0x0000000083800000, 0x0000000083800000|100%| O|  |TAMS 0x0000000083800000, 0x0000000083700000| Untracked 
|  28|0x0000000083800000, 0x0000000083900000, 0x0000000083900000|100%| O|  |TAMS 0x0000000083900000, 0x0000000083800000| Untracked 
|  29|0x0000000083900000, 0x0000000083a00000, 0x0000000083a00000|100%| O|  |TAMS 0x0000000083a00000, 0x0000000083900000| Untracked 
|  30|0x0000000083a00000, 0x0000000083b00000, 0x0000000083b00000|100%| O|  |TAMS 0x0000000083b00000, 0x0000000083a00000| Untracked 
|  31|0x0000000083b00000, 0x0000000083c00000, 0x0000000083c00000|100%| O|  |TAMS 0x0000000083c00000, 0x0000000083b00000| Untracked 
|  32|0x0000000083c00000, 0x0000000083d00000, 0x0000000083d00000|100%| O|  |TAMS 0x0000000083d00000, 0x0000000083c00000| Untracked 
|  33|0x0000000083d00000, 0x0000000083e00000, 0x0000000083e00000|100%| O|  |TAMS 0x0000000083e00000, 0x0000000083d00000| Untracked 
|  34|0x0000000083e00000, 0x0000000083f00000, 0x0000000083f00000|100%| O|  |TAMS 0x0000000083f00000, 0x0000000083e00000| Untracked 
|  35|0x0000000083f00000, 0x0000000084000000, 0x0000000084000000|100%|HS|  |TAMS 0x0000000084000000, 0x0000000083f00000| Complete 
|  36|0x0000000084000000, 0x0000000084100000, 0x0000000084100000|100%| O|  |TAMS 0x0000000084100000, 0x0000000084000000| Untracked 
|  37|0x0000000084100000, 0x0000000084200000, 0x0000000084200000|100%| O|  |TAMS 0x0000000084200000, 0x0000000084100000| Untracked 
|  38|0x0000000084200000, 0x0000000084300000, 0x0000000084300000|100%| O|  |TAMS 0x0000000084300000, 0x0000000084200000| Untracked 
|  39|0x0000000084300000, 0x0000000084400000, 0x0000000084400000|100%| O|  |TAMS 0x0000000084400000, 0x0000000084300000| Untracked 
|  40|0x0000000084400000, 0x0000000084500000, 0x0000000084500000|100%| O|  |TAMS 0x0000000084500000, 0x0000000084400000| Untracked 
|  41|0x0000000084500000, 0x0000000084600000, 0x0000000084600000|100%| O|  |TAMS 0x0000000084600000, 0x0000000084500000| Untracked 
|  42|0x0000000084600000, 0x0000000084700000, 0x0000000084700000|100%| O|  |TAMS 0x0000000084700000, 0x0000000084600000| Untracked 
|  43|0x0000000084700000, 0x0000000084800000, 0x0000000084800000|100%| O|  |TAMS 0x0000000084800000, 0x0000000084700000| Untracked 
|  44|0x0000000084800000, 0x0000000084900000, 0x0000000084900000|100%| O|  |TAMS 0x0000000084900000, 0x0000000084800000| Untracked 
|  45|0x0000000084900000, 0x0000000084a00000, 0x0000000084a00000|100%| O|  |TAMS 0x0000000084a00000, 0x0000000084900000| Untracked 
|  46|0x0000000084a00000, 0x0000000084b00000, 0x0000000084b00000|100%| O|  |TAMS 0x0000000084b00000, 0x0000000084a00000| Untracked 
|  47|0x0000000084b00000, 0x0000000084b00000, 0x0000000084c00000|  0%| F|  |TAMS 0x0000000084b00000, 0x0000000084b00000| Untracked 
|  48|0x0000000084c00000, 0x0000000084c00000, 0x0000000084d00000|  0%| F|  |TAMS 0x0000000084c00000, 0x0000000084c00000| Untracked 
|  49|0x0000000084d00000, 0x0000000084d00000, 0x0000000084e00000|  0%| F|  |TAMS 0x0000000084d00000, 0x0000000084d00000| Untracked 
|  50|0x0000000084e00000, 0x0000000084e00000, 0x0000000084f00000|  0%| F|  |TAMS 0x0000000084e00000, 0x0000000084e00000| Untracked 
|  51|0x0000000084f00000, 0x0000000084f00000, 0x0000000085000000|  0%| F|  |TAMS 0x0000000084f00000, 0x0000000084f00000| Untracked 
|  52|0x0000000085000000, 0x0000000085000000, 0x0000000085100000|  0%| F|  |TAMS 0x0000000085000000, 0x0000000085000000| Untracked 
|  53|0x0000000085100000, 0x0000000085100000, 0x0000000085200000|  0%| F|  |TAMS 0x0000000085100000, 0x0000000085100000| Untracked 
|  54|0x0000000085200000, 0x0000000085200000, 0x0000000085300000|  0%| F|  |TAMS 0x0000000085200000, 0x0000000085200000| Untracked 
|  55|0x0000000085300000, 0x0000000085300000, 0x0000000085400000|  0%| F|  |TAMS 0x0000000085300000, 0x0000000085300000| Untracked 
|  56|0x0000000085400000, 0x0000000085400000, 0x0000000085500000|  0%| F|  |TAMS 0x0000000085400000, 0x0000000085400000| Untracked 
|  57|0x0000000085500000, 0x0000000085500000, 0x0000000085600000|  0%| F|  |TAMS 0x0000000085500000, 0x0000000085500000| Untracked 
|  58|0x0000000085600000, 0x0000000085600000, 0x0000000085700000|  0%| F|  |TAMS 0x0000000085600000, 0x0000000085600000| Untracked 
|  59|0x0000000085700000, 0x0000000085700000, 0x0000000085800000|  0%| F|  |TAMS 0x0000000085700000, 0x0000000085700000| Untracked 
|  60|0x0000000085800000, 0x0000000085800000, 0x0000000085900000|  0%| F|  |TAMS 0x0000000085800000, 0x0000000085800000| Untracked 
|  61|0x0000000085900000, 0x0000000085900000, 0x0000000085a00000|  0%| F|  |TAMS 0x0000000085900000, 0x0000000085900000| Untracked 
|  62|0x0000000085a00000, 0x0000000085a00000, 0x0000000085b00000|  0%| F|  |TAMS 0x0000000085a00000, 0x0000000085a00000| Untracked 
|  63|0x0000000085b00000, 0x0000000085b00000, 0x0000000085c00000|  0%| F|  |TAMS 0x0000000085b00000, 0x0000000085b00000| Untracked 
|  64|0x0000000085c00000, 0x0000000085c00000, 0x0000000085d00000|  0%| F|  |TAMS 0x0000000085c00000, 0x0000000085c00000| Untracked 
|  65|0x0000000085d00000, 0x0000000085d00000, 0x0000000085e00000|  0%| F|  |TAMS 0x0000000085d00000, 0x0000000085d00000| Untracked 
|  66|0x0000000085e00000, 0x0000000085e00000, 0x0000000085f00000|  0%| F|  |TAMS 0x0000000085e00000, 0x0000000085e00000| Untracked 
|  67|0x0000000085f00000, 0x0000000085f00000, 0x0000000086000000|  0%| F|  |TAMS 0x0000000085f00000, 0x0000000085f00000| Untracked 
|  68|0x0000000086000000, 0x0000000086000000, 0x0000000086100000|  0%| F|  |TAMS 0x0000000086000000, 0x0000000086000000| Untracked 
|  69|0x0000000086100000, 0x0000000086100000, 0x0000000086200000|  0%| F|  |TAMS 0x0000000086100000, 0x0000000086100000| Untracked 
|  70|0x0000000086200000, 0x0000000086200000, 0x0000000086300000|  0%| F|  |TAMS 0x0000000086200000, 0x0000000086200000| Untracked 
|  71|0x0000000086300000, 0x0000000086300000, 0x0000000086400000|  0%| F|  |TAMS 0x0000000086300000, 0x0000000086300000| Untracked 
|  72|0x0000000086400000, 0x0000000086400000, 0x0000000086500000|  0%| F|  |TAMS 0x0000000086400000, 0x0000000086400000| Untracked 
|  73|0x0000000086500000, 0x0000000086500000, 0x0000000086600000|  0%| F|  |TAMS 0x0000000086500000, 0x0000000086500000| Untracked 
|  74|0x0000000086600000, 0x0000000086600000, 0x0000000086700000|  0%| F|  |TAMS 0x0000000086600000, 0x0000000086600000| Untracked 
|  75|0x0000000086700000, 0x0000000086700000, 0x0000000086800000|  0%| F|  |TAMS 0x0000000086700000, 0x0000000086700000| Untracked 
|  76|0x0000000086800000, 0x0000000086800000, 0x0000000086900000|  0%| F|  |TAMS 0x0000000086800000, 0x0000000086800000| Untracked 
|  77|0x0000000086900000, 0x0000000086900000, 0x0000000086a00000|  0%| F|  |TAMS 0x0000000086900000, 0x0000000086900000| Untracked 
|  78|0x0000000086a00000, 0x0000000086a00000, 0x0000000086b00000|  0%| F|  |TAMS 0x0000000086a00000, 0x0000000086a00000| Untracked 
|  79|0x0000000086b00000, 0x0000000086b00000, 0x0000000086c00000|  0%| F|  |TAMS 0x0000000086b00000, 0x0000000086b00000| Untracked 
|  80|0x0000000086c00000, 0x0000000086c00000, 0x0000000086d00000|  0%| F|  |TAMS 0x0000000086c00000, 0x0000000086c00000| Untracked 
|  81|0x0000000086d00000, 0x0000000086d00000, 0x0000000086e00000|  0%| F|  |TAMS 0x0000000086d00000, 0x0000000086d00000| Untracked 
|  82|0x0000000086e00000, 0x0000000086e00000, 0x0000000086f00000|  0%| F|  |TAMS 0x0000000086e00000, 0x0000000086e00000| Untracked 
|  83|0x0000000086f00000, 0x0000000086f00000, 0x0000000087000000|  0%| F|  |TAMS 0x0000000086f00000, 0x0000000086f00000| Untracked 
|  84|0x0000000087000000, 0x0000000087000000, 0x0000000087100000|  0%| F|  |TAMS 0x0000000087000000, 0x0000000087000000| Untracked 
|  85|0x0000000087100000, 0x0000000087100000, 0x0000000087200000|  0%| F|  |TAMS 0x0000000087100000, 0x0000000087100000| Untracked 
|  86|0x0000000087200000, 0x0000000087200000, 0x0000000087300000|  0%| F|  |TAMS 0x0000000087200000, 0x0000000087200000| Untracked 
|  87|0x0000000087300000, 0x0000000087300000, 0x0000000087400000|  0%| F|  |TAMS 0x0000000087300000, 0x0000000087300000| Untracked 
|  88|0x0000000087400000, 0x0000000087400000, 0x0000000087500000|  0%| F|  |TAMS 0x0000000087400000, 0x0000000087400000| Untracked 
|  89|0x0000000087500000, 0x0000000087500000, 0x0000000087600000|  0%| F|  |TAMS 0x0000000087500000, 0x0000000087500000| Untracked 
|  90|0x0000000087600000, 0x0000000087600000, 0x0000000087700000|  0%| F|  |TAMS 0x0000000087600000, 0x0000000087600000| Untracked 
|  91|0x0000000087700000, 0x0000000087700000, 0x0000000087800000|  0%| F|  |TAMS 0x0000000087700000, 0x0000000087700000| Untracked 
|  92|0x0000000087800000, 0x0000000087800000, 0x0000000087900000|  0%| F|  |TAMS 0x0000000087800000, 0x0000000087800000| Untracked 
|  93|0x0000000087900000, 0x0000000087900000, 0x0000000087a00000|  0%| F|  |TAMS 0x0000000087900000, 0x0000000087900000| Untracked 
|  94|0x0000000087a00000, 0x0000000087a00000, 0x0000000087b00000|  0%| F|  |TAMS 0x0000000087a00000, 0x0000000087a00000| Untracked 
|  95|0x0000000087b00000, 0x0000000087b00000, 0x0000000087c00000|  0%| F|  |TAMS 0x0000000087b00000, 0x0000000087b00000| Untracked 
|  96|0x0000000087c00000, 0x0000000087c00000, 0x0000000087d00000|  0%| F|  |TAMS 0x0000000087c00000, 0x0000000087c00000| Untracked 
|  97|0x0000000087d00000, 0x0000000087d00000, 0x0000000087e00000|  0%| F|  |TAMS 0x0000000087d00000, 0x0000000087d00000| Untracked 
|  98|0x0000000087e00000, 0x0000000087e00000, 0x0000000087f00000|  0%| F|  |TAMS 0x0000000087e00000, 0x0000000087e00000| Untracked 
|  99|0x0000000087f00000, 0x0000000087f00000, 0x0000000088000000|  0%| F|  |TAMS 0x0000000087f00000, 0x0000000087f00000| Untracked 
| 100|0x0000000088000000, 0x0000000088000000, 0x0000000088100000|  0%| F|  |TAMS 0x0000000088000000, 0x0000000088000000| Untracked 
| 101|0x0000000088100000, 0x0000000088100000, 0x0000000088200000|  0%| F|  |TAMS 0x0000000088100000, 0x0000000088100000| Untracked 
| 102|0x0000000088200000, 0x0000000088200000, 0x0000000088300000|  0%| F|  |TAMS 0x0000000088200000, 0x0000000088200000| Untracked 
| 103|0x0000000088300000, 0x0000000088300000, 0x0000000088400000|  0%| F|  |TAMS 0x0000000088300000, 0x0000000088300000| Untracked 
| 104|0x0000000088400000, 0x0000000088400000, 0x0000000088500000|  0%| F|  |TAMS 0x0000000088400000, 0x0000000088400000| Untracked 
| 105|0x0000000088500000, 0x0000000088500000, 0x0000000088600000|  0%| F|  |TAMS 0x0000000088500000, 0x0000000088500000| Untracked 
| 106|0x0000000088600000, 0x0000000088600000, 0x0000000088700000|  0%| F|  |TAMS 0x0000000088600000, 0x0000000088600000| Untracked 
| 107|0x0000000088700000, 0x0000000088700000, 0x0000000088800000|  0%| F|  |TAMS 0x0000000088700000, 0x0000000088700000| Untracked 
| 108|0x0000000088800000, 0x0000000088800000, 0x0000000088900000|  0%| F|  |TAMS 0x0000000088800000, 0x0000000088800000| Untracked 
| 109|0x0000000088900000, 0x0000000088900000, 0x0000000088a00000|  0%| F|  |TAMS 0x0000000088900000, 0x0000000088900000| Untracked 
| 110|0x0000000088a00000, 0x0000000088a00000, 0x0000000088b00000|  0%| F|  |TAMS 0x0000000088a00000, 0x0000000088a00000| Untracked 
| 111|0x0000000088b00000, 0x0000000088b00000, 0x0000000088c00000|  0%| F|  |TAMS 0x0000000088b00000, 0x0000000088b00000| Untracked 
| 112|0x0000000088c00000, 0x0000000088c00000, 0x0000000088d00000|  0%| F|  |TAMS 0x0000000088c00000, 0x0000000088c00000| Untracked 
| 113|0x0000000088d00000, 0x0000000088d00000, 0x0000000088e00000|  0%| F|  |TAMS 0x0000000088d00000, 0x0000000088d00000| Untracked 
| 114|0x0000000088e00000, 0x0000000088e00000, 0x0000000088f00000|  0%| F|  |TAMS 0x0000000088e00000, 0x0000000088e00000| Untracked 
| 115|0x0000000088f00000, 0x0000000088f00000, 0x0000000089000000|  0%| F|  |TAMS 0x0000000088f00000, 0x0000000088f00000| Untracked 
| 116|0x0000000089000000, 0x0000000089000000, 0x0000000089100000|  0%| F|  |TAMS 0x0000000089000000, 0x0000000089000000| Untracked 
| 117|0x0000000089100000, 0x0000000089100000, 0x0000000089200000|  0%| F|  |TAMS 0x0000000089100000, 0x0000000089100000| Untracked 
| 118|0x0000000089200000, 0x0000000089200000, 0x0000000089300000|  0%| F|  |TAMS 0x0000000089200000, 0x0000000089200000| Untracked 
| 119|0x0000000089300000, 0x0000000089300000, 0x0000000089400000|  0%| F|  |TAMS 0x0000000089300000, 0x0000000089300000| Untracked 
| 120|0x0000000089400000, 0x0000000089400000, 0x0000000089500000|  0%| F|  |TAMS 0x0000000089400000, 0x0000000089400000| Untracked 
| 121|0x0000000089500000, 0x0000000089500000, 0x0000000089600000|  0%| F|  |TAMS 0x0000000089500000, 0x0000000089500000| Untracked 
| 122|0x0000000089600000, 0x0000000089600000, 0x0000000089700000|  0%| F|  |TAMS 0x0000000089600000, 0x0000000089600000| Untracked 
| 123|0x0000000089700000, 0x0000000089700000, 0x0000000089800000|  0%| F|  |TAMS 0x0000000089700000, 0x0000000089700000| Untracked 
| 124|0x0000000089800000, 0x0000000089800000, 0x0000000089900000|  0%| F|  |TAMS 0x0000000089800000, 0x0000000089800000| Untracked 
| 125|0x0000000089900000, 0x0000000089900000, 0x0000000089a00000|  0%| F|  |TAMS 0x0000000089900000, 0x0000000089900000| Untracked 
| 126|0x0000000089a00000, 0x0000000089a00000, 0x0000000089b00000|  0%| F|  |TAMS 0x0000000089a00000, 0x0000000089a00000| Untracked 
| 127|0x0000000089b00000, 0x0000000089b00000, 0x0000000089c00000|  0%| F|  |TAMS 0x0000000089b00000, 0x0000000089b00000| Untracked 
| 128|0x0000000089c00000, 0x0000000089c00000, 0x0000000089d00000|  0%| F|  |TAMS 0x0000000089c00000, 0x0000000089c00000| Untracked 
| 129|0x0000000089d00000, 0x0000000089d00000, 0x0000000089e00000|  0%| F|  |TAMS 0x0000000089d00000, 0x0000000089d00000| Untracked 
| 130|0x0000000089e00000, 0x0000000089e00000, 0x0000000089f00000|  0%| F|  |TAMS 0x0000000089e00000, 0x0000000089e00000| Untracked 
| 131|0x0000000089f00000, 0x0000000089f00000, 0x000000008a000000|  0%| F|  |TAMS 0x0000000089f00000, 0x0000000089f00000| Untracked 
| 132|0x000000008a000000, 0x000000008a000000, 0x000000008a100000|  0%| F|  |TAMS 0x000000008a000000, 0x000000008a000000| Untracked 
| 133|0x000000008a100000, 0x000000008a100000, 0x000000008a200000|  0%| F|  |TAMS 0x000000008a100000, 0x000000008a100000| Untracked 
| 134|0x000000008a200000, 0x000000008a200000, 0x000000008a300000|  0%| F|  |TAMS 0x000000008a200000, 0x000000008a200000| Untracked 
| 135|0x000000008a300000, 0x000000008a300000, 0x000000008a400000|  0%| F|  |TAMS 0x000000008a300000, 0x000000008a300000| Untracked 
| 136|0x000000008a400000, 0x000000008a400000, 0x000000008a500000|  0%| F|  |TAMS 0x000000008a400000, 0x000000008a400000| Untracked 
| 137|0x000000008a500000, 0x000000008a500000, 0x000000008a600000|  0%| F|  |TAMS 0x000000008a500000, 0x000000008a500000| Untracked 
| 138|0x000000008a600000, 0x000000008a600000, 0x000000008a700000|  0%| F|  |TAMS 0x000000008a600000, 0x000000008a600000| Untracked 
| 139|0x000000008a700000, 0x000000008a700000, 0x000000008a800000|  0%| F|  |TAMS 0x000000008a700000, 0x000000008a700000| Untracked 
| 140|0x000000008a800000, 0x000000008a800000, 0x000000008a900000|  0%| F|  |TAMS 0x000000008a800000, 0x000000008a800000| Untracked 
| 141|0x000000008a900000, 0x000000008a900000, 0x000000008aa00000|  0%| F|  |TAMS 0x000000008a900000, 0x000000008a900000| Untracked 
| 142|0x000000008aa00000, 0x000000008aa00000, 0x000000008ab00000|  0%| F|  |TAMS 0x000000008aa00000, 0x000000008aa00000| Untracked 
| 143|0x000000008ab00000, 0x000000008ab00000, 0x000000008ac00000|  0%| F|  |TAMS 0x000000008ab00000, 0x000000008ab00000| Untracked 
| 144|0x000000008ac00000, 0x000000008ac00000, 0x000000008ad00000|  0%| F|  |TAMS 0x000000008ac00000, 0x000000008ac00000| Untracked 
| 145|0x000000008ad00000, 0x000000008ad00000, 0x000000008ae00000|  0%| F|  |TAMS 0x000000008ad00000, 0x000000008ad00000| Untracked 
| 146|0x000000008ae00000, 0x000000008ae00000, 0x000000008af00000|  0%| F|  |TAMS 0x000000008ae00000, 0x000000008ae00000| Untracked 
| 147|0x000000008af00000, 0x000000008af00000, 0x000000008b000000|  0%| F|  |TAMS 0x000000008af00000, 0x000000008af00000| Untracked 
| 148|0x000000008b000000, 0x000000008b000000, 0x000000008b100000|  0%| F|  |TAMS 0x000000008b000000, 0x000000008b000000| Untracked 
| 149|0x000000008b100000, 0x000000008b100000, 0x000000008b200000|  0%| F|  |TAMS 0x000000008b100000, 0x000000008b100000| Untracked 
| 150|0x000000008b200000, 0x000000008b200000, 0x000000008b300000|  0%| F|  |TAMS 0x000000008b200000, 0x000000008b200000| Untracked 
| 151|0x000000008b300000, 0x000000008b300000, 0x000000008b400000|  0%| F|  |TAMS 0x000000008b300000, 0x000000008b300000| Untracked 
| 152|0x000000008b400000, 0x000000008b400000, 0x000000008b500000|  0%| F|  |TAMS 0x000000008b400000, 0x000000008b400000| Untracked 
| 153|0x000000008b500000, 0x000000008b500000, 0x000000008b600000|  0%| F|  |TAMS 0x000000008b500000, 0x000000008b500000| Untracked 
| 154|0x000000008b600000, 0x000000008b600000, 0x000000008b700000|  0%| F|  |TAMS 0x000000008b600000, 0x000000008b600000| Untracked 
| 155|0x000000008b700000, 0x000000008b700000, 0x000000008b800000|  0%| F|  |TAMS 0x000000008b700000, 0x000000008b700000| Untracked 
| 156|0x000000008b800000, 0x000000008b800000, 0x000000008b900000|  0%| F|  |TAMS 0x000000008b800000, 0x000000008b800000| Untracked 
| 157|0x000000008b900000, 0x000000008b900000, 0x000000008ba00000|  0%| F|  |TAMS 0x000000008b900000, 0x000000008b900000| Untracked 
| 158|0x000000008ba00000, 0x000000008ba00000, 0x000000008bb00000|  0%| F|  |TAMS 0x000000008ba00000, 0x000000008ba00000| Untracked 
| 159|0x000000008bb00000, 0x000000008bb00000, 0x000000008bc00000|  0%| F|  |TAMS 0x000000008bb00000, 0x000000008bb00000| Untracked 
| 160|0x000000008bc00000, 0x000000008bc00000, 0x000000008bd00000|  0%| F|  |TAMS 0x000000008bc00000, 0x000000008bc00000| Untracked 
| 161|0x000000008bd00000, 0x000000008bd00000, 0x000000008be00000|  0%| F|  |TAMS 0x000000008bd00000, 0x000000008bd00000| Untracked 
| 162|0x000000008be00000, 0x000000008be00000, 0x000000008bf00000|  0%| F|  |TAMS 0x000000008be00000, 0x000000008be00000| Untracked 
| 163|0x000000008bf00000, 0x000000008bf00000, 0x000000008c000000|  0%| F|  |TAMS 0x000000008bf00000, 0x000000008bf00000| Untracked 
| 164|0x000000008c000000, 0x000000008c000000, 0x000000008c100000|  0%| F|  |TAMS 0x000000008c000000, 0x000000008c000000| Untracked 
| 165|0x000000008c100000, 0x000000008c100000, 0x000000008c200000|  0%| F|  |TAMS 0x000000008c100000, 0x000000008c100000| Untracked 
| 166|0x000000008c200000, 0x000000008c200000, 0x000000008c300000|  0%| F|  |TAMS 0x000000008c200000, 0x000000008c200000| Untracked 
| 167|0x000000008c300000, 0x000000008c300000, 0x000000008c400000|  0%| F|  |TAMS 0x000000008c300000, 0x000000008c300000| Untracked 
| 168|0x000000008c400000, 0x000000008c400000, 0x000000008c500000|  0%| F|  |TAMS 0x000000008c400000, 0x000000008c400000| Untracked 
| 169|0x000000008c500000, 0x000000008c500000, 0x000000008c600000|  0%| F|  |TAMS 0x000000008c500000, 0x000000008c500000| Untracked 
| 170|0x000000008c600000, 0x000000008c600000, 0x000000008c700000|  0%| F|  |TAMS 0x000000008c600000, 0x000000008c600000| Untracked 
| 171|0x000000008c700000, 0x000000008c700000, 0x000000008c800000|  0%| F|  |TAMS 0x000000008c700000, 0x000000008c700000| Untracked 
| 172|0x000000008c800000, 0x000000008c800000, 0x000000008c900000|  0%| F|  |TAMS 0x000000008c800000, 0x000000008c800000| Untracked 
| 173|0x000000008c900000, 0x000000008c900000, 0x000000008ca00000|  0%| F|  |TAMS 0x000000008c900000, 0x000000008c900000| Untracked 
| 174|0x000000008ca00000, 0x000000008ca00000, 0x000000008cb00000|  0%| F|  |TAMS 0x000000008ca00000, 0x000000008ca00000| Untracked 
| 175|0x000000008cb00000, 0x000000008cb00000, 0x000000008cc00000|  0%| F|  |TAMS 0x000000008cb00000, 0x000000008cb00000| Untracked 
| 176|0x000000008cc00000, 0x000000008cc00000, 0x000000008cd00000|  0%| F|  |TAMS 0x000000008cc00000, 0x000000008cc00000| Untracked 
| 177|0x000000008cd00000, 0x000000008cd00000, 0x000000008ce00000|  0%| F|  |TAMS 0x000000008cd00000, 0x000000008cd00000| Untracked 
| 178|0x000000008ce00000, 0x000000008ce00000, 0x000000008cf00000|  0%| F|  |TAMS 0x000000008ce00000, 0x000000008ce00000| Untracked 
| 179|0x000000008cf00000, 0x000000008cf00000, 0x000000008d000000|  0%| F|  |TAMS 0x000000008cf00000, 0x000000008cf00000| Untracked 
| 180|0x000000008d000000, 0x000000008d000000, 0x000000008d100000|  0%| F|  |TAMS 0x000000008d000000, 0x000000008d000000| Untracked 
| 181|0x000000008d100000, 0x000000008d100000, 0x000000008d200000|  0%| F|  |TAMS 0x000000008d100000, 0x000000008d100000| Untracked 
| 182|0x000000008d200000, 0x000000008d200000, 0x000000008d300000|  0%| F|  |TAMS 0x000000008d200000, 0x000000008d200000| Untracked 
| 183|0x000000008d300000, 0x000000008d300000, 0x000000008d400000|  0%| F|  |TAMS 0x000000008d300000, 0x000000008d300000| Untracked 
| 184|0x000000008d400000, 0x000000008d400000, 0x000000008d500000|  0%| F|  |TAMS 0x000000008d400000, 0x000000008d400000| Untracked 
| 185|0x000000008d500000, 0x000000008d500000, 0x000000008d600000|  0%| F|  |TAMS 0x000000008d500000, 0x000000008d500000| Untracked 
| 186|0x000000008d600000, 0x000000008d700000, 0x000000008d700000|100%| S|CS|TAMS 0x000000008d600000, 0x000000008d600000| Complete 
| 187|0x000000008d700000, 0x000000008d800000, 0x000000008d800000|100%| S|CS|TAMS 0x000000008d700000, 0x000000008d700000| Complete 
| 188|0x000000008d800000, 0x000000008d900000, 0x000000008d900000|100%| S|CS|TAMS 0x000000008d800000, 0x000000008d800000| Complete 
| 189|0x000000008d900000, 0x000000008da00000, 0x000000008da00000|100%| S|CS|TAMS 0x000000008d900000, 0x000000008d900000| Complete 
| 190|0x000000008da00000, 0x000000008db00000, 0x000000008db00000|100%| S|CS|TAMS 0x000000008da00000, 0x000000008da00000| Complete 
| 191|0x000000008db00000, 0x000000008dc00000, 0x000000008dc00000|100%| S|CS|TAMS 0x000000008db00000, 0x000000008db00000| Complete 
| 192|0x000000008dc00000, 0x000000008dd00000, 0x000000008dd00000|100%| S|CS|TAMS 0x000000008dc00000, 0x000000008dc00000| Complete 
| 193|0x000000008dd00000, 0x000000008de00000, 0x000000008de00000|100%| S|CS|TAMS 0x000000008dd00000, 0x000000008dd00000| Complete 
| 194|0x000000008de00000, 0x000000008df00000, 0x000000008df00000|100%| S|CS|TAMS 0x000000008de00000, 0x000000008de00000| Complete 
| 195|0x000000008df00000, 0x000000008e000000, 0x000000008e000000|100%| S|CS|TAMS 0x000000008df00000, 0x000000008df00000| Complete 
| 196|0x000000008e000000, 0x000000008e100000, 0x000000008e100000|100%| S|CS|TAMS 0x000000008e000000, 0x000000008e000000| Complete 
| 197|0x000000008e100000, 0x000000008e100000, 0x000000008e200000|  0%| F|  |TAMS 0x000000008e100000, 0x000000008e100000| Untracked 
| 198|0x000000008e200000, 0x000000008e200000, 0x000000008e300000|  0%| F|  |TAMS 0x000000008e200000, 0x000000008e200000| Untracked 
| 199|0x000000008e300000, 0x000000008e300000, 0x000000008e400000|  0%| F|  |TAMS 0x000000008e300000, 0x000000008e300000| Untracked 
| 200|0x000000008e400000, 0x000000008e400000, 0x000000008e500000|  0%| F|  |TAMS 0x000000008e400000, 0x000000008e400000| Untracked 
| 201|0x000000008e500000, 0x000000008e500000, 0x000000008e600000|  0%| F|  |TAMS 0x000000008e500000, 0x000000008e500000| Untracked 
| 202|0x000000008e600000, 0x000000008e600000, 0x000000008e700000|  0%| F|  |TAMS 0x000000008e600000, 0x000000008e600000| Untracked 
| 203|0x000000008e700000, 0x000000008e700000, 0x000000008e800000|  0%| F|  |TAMS 0x000000008e700000, 0x000000008e700000| Untracked 
| 204|0x000000008e800000, 0x000000008e800000, 0x000000008e900000|  0%| F|  |TAMS 0x000000008e800000, 0x000000008e800000| Untracked 
| 205|0x000000008e900000, 0x000000008e900000, 0x000000008ea00000|  0%| F|  |TAMS 0x000000008e900000, 0x000000008e900000| Untracked 
| 206|0x000000008ea00000, 0x000000008ea00000, 0x000000008eb00000|  0%| F|  |TAMS 0x000000008ea00000, 0x000000008ea00000| Untracked 
| 207|0x000000008eb00000, 0x000000008eb00000, 0x000000008ec00000|  0%| F|  |TAMS 0x000000008eb00000, 0x000000008eb00000| Untracked 
| 208|0x000000008ec00000, 0x000000008ec00000, 0x000000008ed00000|  0%| F|  |TAMS 0x000000008ec00000, 0x000000008ec00000| Untracked 
| 209|0x000000008ed00000, 0x000000008ed00000, 0x000000008ee00000|  0%| F|  |TAMS 0x000000008ed00000, 0x000000008ed00000| Untracked 
| 210|0x000000008ee00000, 0x000000008ee00000, 0x000000008ef00000|  0%| F|  |TAMS 0x000000008ee00000, 0x000000008ee00000| Untracked 
| 211|0x000000008ef00000, 0x000000008ef00000, 0x000000008f000000|  0%| F|  |TAMS 0x000000008ef00000, 0x000000008ef00000| Untracked 
| 212|0x000000008f000000, 0x000000008f000000, 0x000000008f100000|  0%| F|  |TAMS 0x000000008f000000, 0x000000008f000000| Untracked 
| 213|0x000000008f100000, 0x000000008f100000, 0x000000008f200000|  0%| F|  |TAMS 0x000000008f100000, 0x000000008f100000| Untracked 
| 214|0x000000008f200000, 0x000000008f200000, 0x000000008f300000|  0%| F|  |TAMS 0x000000008f200000, 0x000000008f200000| Untracked 
| 215|0x000000008f300000, 0x000000008f300000, 0x000000008f400000|  0%| F|  |TAMS 0x000000008f300000, 0x000000008f300000| Untracked 
| 216|0x000000008f400000, 0x000000008f400000, 0x000000008f500000|  0%| F|  |TAMS 0x000000008f400000, 0x000000008f400000| Untracked 
| 217|0x000000008f500000, 0x000000008f500000, 0x000000008f600000|  0%| F|  |TAMS 0x000000008f500000, 0x000000008f500000| Untracked 
| 218|0x000000008f600000, 0x000000008f600000, 0x000000008f700000|  0%| F|  |TAMS 0x000000008f600000, 0x000000008f600000| Untracked 
| 219|0x000000008f700000, 0x000000008f700000, 0x000000008f800000|  0%| F|  |TAMS 0x000000008f700000, 0x000000008f700000| Untracked 
| 220|0x000000008f800000, 0x000000008f800000, 0x000000008f900000|  0%| F|  |TAMS 0x000000008f800000, 0x000000008f800000| Untracked 
| 221|0x000000008f900000, 0x000000008f900000, 0x000000008fa00000|  0%| F|  |TAMS 0x000000008f900000, 0x000000008f900000| Untracked 
| 222|0x000000008fa00000, 0x000000008fa00000, 0x000000008fb00000|  0%| F|  |TAMS 0x000000008fa00000, 0x000000008fa00000| Untracked 
| 223|0x000000008fb00000, 0x000000008fb00000, 0x000000008fc00000|  0%| F|  |TAMS 0x000000008fb00000, 0x000000008fb00000| Untracked 
| 224|0x000000008fc00000, 0x000000008fc00000, 0x000000008fd00000|  0%| F|  |TAMS 0x000000008fc00000, 0x000000008fc00000| Untracked 
| 225|0x000000008fd00000, 0x000000008fd00000, 0x000000008fe00000|  0%| F|  |TAMS 0x000000008fd00000, 0x000000008fd00000| Untracked 
| 226|0x000000008fe00000, 0x000000008fe00000, 0x000000008ff00000|  0%| F|  |TAMS 0x000000008fe00000, 0x000000008fe00000| Untracked 
| 227|0x000000008ff00000, 0x000000008ff00000, 0x0000000090000000|  0%| F|  |TAMS 0x000000008ff00000, 0x000000008ff00000| Untracked 
| 228|0x0000000090000000, 0x0000000090000000, 0x0000000090100000|  0%| F|  |TAMS 0x0000000090000000, 0x0000000090000000| Untracked 
| 229|0x0000000090100000, 0x0000000090100000, 0x0000000090200000|  0%| F|  |TAMS 0x0000000090100000, 0x0000000090100000| Untracked 
| 230|0x0000000090200000, 0x0000000090200000, 0x0000000090300000|  0%| F|  |TAMS 0x0000000090200000, 0x0000000090200000| Untracked 
| 231|0x0000000090300000, 0x0000000090300000, 0x0000000090400000|  0%| F|  |TAMS 0x0000000090300000, 0x0000000090300000| Untracked 
| 232|0x0000000090400000, 0x0000000090400000, 0x0000000090500000|  0%| F|  |TAMS 0x0000000090400000, 0x0000000090400000| Untracked 
| 233|0x0000000090500000, 0x0000000090500000, 0x0000000090600000|  0%| F|  |TAMS 0x0000000090500000, 0x0000000090500000| Untracked 
| 234|0x0000000090600000, 0x0000000090600000, 0x0000000090700000|  0%| F|  |TAMS 0x0000000090600000, 0x0000000090600000| Untracked 
| 235|0x0000000090700000, 0x0000000090700000, 0x0000000090800000|  0%| F|  |TAMS 0x0000000090700000, 0x0000000090700000| Untracked 
| 236|0x0000000090800000, 0x0000000090800000, 0x0000000090900000|  0%| F|  |TAMS 0x0000000090800000, 0x0000000090800000| Untracked 
| 237|0x0000000090900000, 0x0000000090900000, 0x0000000090a00000|  0%| F|  |TAMS 0x0000000090900000, 0x0000000090900000| Untracked 
| 238|0x0000000090a00000, 0x0000000090a00000, 0x0000000090b00000|  0%| F|  |TAMS 0x0000000090a00000, 0x0000000090a00000| Untracked 
| 239|0x0000000090b00000, 0x0000000090b00000, 0x0000000090c00000|  0%| F|  |TAMS 0x0000000090b00000, 0x0000000090b00000| Untracked 
| 240|0x0000000090c00000, 0x0000000090c00000, 0x0000000090d00000|  0%| F|  |TAMS 0x0000000090c00000, 0x0000000090c00000| Untracked 
| 241|0x0000000090d00000, 0x0000000090d00000, 0x0000000090e00000|  0%| F|  |TAMS 0x0000000090d00000, 0x0000000090d00000| Untracked 
| 242|0x0000000090e00000, 0x0000000090e00000, 0x0000000090f00000|  0%| F|  |TAMS 0x0000000090e00000, 0x0000000090e00000| Untracked 
| 243|0x0000000090f00000, 0x0000000090f00000, 0x0000000091000000|  0%| F|  |TAMS 0x0000000090f00000, 0x0000000090f00000| Untracked 
| 244|0x0000000091000000, 0x0000000091000000, 0x0000000091100000|  0%| F|  |TAMS 0x0000000091000000, 0x0000000091000000| Untracked 
| 245|0x0000000091100000, 0x0000000091100000, 0x0000000091200000|  0%| F|  |TAMS 0x0000000091100000, 0x0000000091100000| Untracked 
| 246|0x0000000091200000, 0x0000000091200000, 0x0000000091300000|  0%| F|  |TAMS 0x0000000091200000, 0x0000000091200000| Untracked 
| 247|0x0000000091300000, 0x0000000091300000, 0x0000000091400000|  0%| F|  |TAMS 0x0000000091300000, 0x0000000091300000| Untracked 
| 248|0x0000000091400000, 0x0000000091400000, 0x0000000091500000|  0%| F|  |TAMS 0x0000000091400000, 0x0000000091400000| Untracked 
| 249|0x0000000091500000, 0x0000000091500000, 0x0000000091600000|  0%| F|  |TAMS 0x0000000091500000, 0x0000000091500000| Untracked 
| 250|0x0000000091600000, 0x0000000091600000, 0x0000000091700000|  0%| F|  |TAMS 0x0000000091600000, 0x0000000091600000| Untracked 
| 251|0x0000000091700000, 0x0000000091700000, 0x0000000091800000|  0%| F|  |TAMS 0x0000000091700000, 0x0000000091700000| Untracked 
| 252|0x0000000091800000, 0x0000000091800000, 0x0000000091900000|  0%| F|  |TAMS 0x0000000091800000, 0x0000000091800000| Untracked 
| 253|0x0000000091900000, 0x0000000091900000, 0x0000000091a00000|  0%| F|  |TAMS 0x0000000091900000, 0x0000000091900000| Untracked 
| 254|0x0000000091a00000, 0x0000000091a00000, 0x0000000091b00000|  0%| F|  |TAMS 0x0000000091a00000, 0x0000000091a00000| Untracked 
| 255|0x0000000091b00000, 0x0000000091b00000, 0x0000000091c00000|  0%| F|  |TAMS 0x0000000091b00000, 0x0000000091b00000| Untracked 
| 256|0x0000000091c00000, 0x0000000091c00000, 0x0000000091d00000|  0%| F|  |TAMS 0x0000000091c00000, 0x0000000091c00000| Untracked 
| 257|0x0000000091d00000, 0x0000000091d00000, 0x0000000091e00000|  0%| F|  |TAMS 0x0000000091d00000, 0x0000000091d00000| Untracked 
| 258|0x0000000091e00000, 0x0000000091e00000, 0x0000000091f00000|  0%| F|  |TAMS 0x0000000091e00000, 0x0000000091e00000| Untracked 
| 259|0x0000000091f00000, 0x0000000091f00000, 0x0000000092000000|  0%| F|  |TAMS 0x0000000091f00000, 0x0000000091f00000| Untracked 
| 260|0x0000000092000000, 0x0000000092000000, 0x0000000092100000|  0%| F|  |TAMS 0x0000000092000000, 0x0000000092000000| Untracked 
| 261|0x0000000092100000, 0x0000000092100000, 0x0000000092200000|  0%| F|  |TAMS 0x0000000092100000, 0x0000000092100000| Untracked 
| 262|0x0000000092200000, 0x0000000092200000, 0x0000000092300000|  0%| F|  |TAMS 0x0000000092200000, 0x0000000092200000| Untracked 
| 263|0x0000000092300000, 0x0000000092300000, 0x0000000092400000|  0%| F|  |TAMS 0x0000000092300000, 0x0000000092300000| Untracked 
| 264|0x0000000092400000, 0x0000000092500000, 0x0000000092500000|100%| E|  |TAMS 0x0000000092400000, 0x0000000092400000| Complete 
| 265|0x0000000092500000, 0x0000000092600000, 0x0000000092600000|100%| E|CS|TAMS 0x0000000092500000, 0x0000000092500000| Complete 
| 266|0x0000000092600000, 0x0000000092700000, 0x0000000092700000|100%| E|CS|TAMS 0x0000000092600000, 0x0000000092600000| Complete 
| 267|0x0000000092700000, 0x0000000092800000, 0x0000000092800000|100%| E|CS|TAMS 0x0000000092700000, 0x0000000092700000| Complete 
| 268|0x0000000092800000, 0x0000000092900000, 0x0000000092900000|100%| E|CS|TAMS 0x0000000092800000, 0x0000000092800000| Complete 
| 269|0x0000000092900000, 0x0000000092a00000, 0x0000000092a00000|100%| E|CS|TAMS 0x0000000092900000, 0x0000000092900000| Complete 
| 270|0x0000000092a00000, 0x0000000092b00000, 0x0000000092b00000|100%| E|CS|TAMS 0x0000000092a00000, 0x0000000092a00000| Complete 
| 271|0x0000000092b00000, 0x0000000092c00000, 0x0000000092c00000|100%| E|CS|TAMS 0x0000000092b00000, 0x0000000092b00000| Complete 
| 272|0x0000000092c00000, 0x0000000092d00000, 0x0000000092d00000|100%| E|CS|TAMS 0x0000000092c00000, 0x0000000092c00000| Complete 
| 273|0x0000000092d00000, 0x0000000092e00000, 0x0000000092e00000|100%| E|CS|TAMS 0x0000000092d00000, 0x0000000092d00000| Complete 
| 274|0x0000000092e00000, 0x0000000092f00000, 0x0000000092f00000|100%| E|CS|TAMS 0x0000000092e00000, 0x0000000092e00000| Complete 
| 275|0x0000000092f00000, 0x0000000093000000, 0x0000000093000000|100%| E|CS|TAMS 0x0000000092f00000, 0x0000000092f00000| Complete 
| 276|0x0000000093000000, 0x0000000093100000, 0x0000000093100000|100%| E|CS|TAMS 0x0000000093000000, 0x0000000093000000| Complete 
| 277|0x0000000093100000, 0x0000000093200000, 0x0000000093200000|100%| E|CS|TAMS 0x0000000093100000, 0x0000000093100000| Complete 
| 278|0x0000000093200000, 0x0000000093300000, 0x0000000093300000|100%| E|CS|TAMS 0x0000000093200000, 0x0000000093200000| Complete 
| 279|0x0000000093300000, 0x0000000093400000, 0x0000000093400000|100%| E|CS|TAMS 0x0000000093300000, 0x0000000093300000| Complete 
| 280|0x0000000093400000, 0x0000000093500000, 0x0000000093500000|100%| E|CS|TAMS 0x0000000093400000, 0x0000000093400000| Complete 
| 281|0x0000000093500000, 0x0000000093600000, 0x0000000093600000|100%| E|CS|TAMS 0x0000000093500000, 0x0000000093500000| Complete 
| 282|0x0000000093600000, 0x0000000093700000, 0x0000000093700000|100%| E|CS|TAMS 0x0000000093600000, 0x0000000093600000| Complete 
| 283|0x0000000093700000, 0x0000000093800000, 0x0000000093800000|100%| E|CS|TAMS 0x0000000093700000, 0x0000000093700000| Complete 
| 284|0x0000000093800000, 0x0000000093900000, 0x0000000093900000|100%| E|CS|TAMS 0x0000000093800000, 0x0000000093800000| Complete 
| 285|0x0000000093900000, 0x0000000093a00000, 0x0000000093a00000|100%| E|CS|TAMS 0x0000000093900000, 0x0000000093900000| Complete 
| 286|0x0000000093a00000, 0x0000000093b00000, 0x0000000093b00000|100%| E|CS|TAMS 0x0000000093a00000, 0x0000000093a00000| Complete 
| 287|0x0000000093b00000, 0x0000000093c00000, 0x0000000093c00000|100%| E|CS|TAMS 0x0000000093b00000, 0x0000000093b00000| Complete 
| 288|0x0000000093c00000, 0x0000000093d00000, 0x0000000093d00000|100%| E|CS|TAMS 0x0000000093c00000, 0x0000000093c00000| Complete 
| 289|0x0000000093d00000, 0x0000000093e00000, 0x0000000093e00000|100%| E|CS|TAMS 0x0000000093d00000, 0x0000000093d00000| Complete 
| 290|0x0000000093e00000, 0x0000000093f00000, 0x0000000093f00000|100%| E|CS|TAMS 0x0000000093e00000, 0x0000000093e00000| Complete 
| 291|0x0000000093f00000, 0x0000000094000000, 0x0000000094000000|100%| E|CS|TAMS 0x0000000093f00000, 0x0000000093f00000| Complete 
| 292|0x0000000094000000, 0x0000000094100000, 0x0000000094100000|100%| E|CS|TAMS 0x0000000094000000, 0x0000000094000000| Complete 
| 293|0x0000000094100000, 0x0000000094200000, 0x0000000094200000|100%| E|CS|TAMS 0x0000000094100000, 0x0000000094100000| Complete 

Card table byte_map: [0x000001e557ec0000,0x000001e5582c0000] _byte_map_base: 0x000001e557ab2000

Marking Bits (Prev, Next): (CMBitMap*) 0x000001e5407e7740, (CMBitMap*) 0x000001e5407e7708
 Prev Bits: [0x000001e55a650000, 0x000001e55c5e0000)
 Next Bits: [0x000001e5586c0000, 0x000001e55a650000)

Polling page: 0x000001e53e5a0000

Metaspace:

Usage:
  Non-class:     52.29 MB capacity,    51.48 MB ( 98%) used,   644.53 KB (  1%) free+waste,   182.44 KB ( <1%) overhead. 
      Class:      7.99 MB capacity,     7.39 MB ( 92%) used,   526.91 KB (  6%) free+waste,    87.25 KB (  1%) overhead. 
       Both:     60.28 MB capacity,    58.87 MB ( 98%) used,     1.14 MB (  2%) free+waste,   269.69 KB ( <1%) overhead. 

Virtual space:
  Non-class space:       54.00 MB reserved,      52.33 MB ( 97%) committed 
      Class space:        1.00 GB reserved,       8.02 MB ( <1%) committed 
             Both:        1.05 GB reserved,      60.35 MB (  6%) committed 

Chunk freelists:
   Non-Class:  5.00 KB
       Class:  1.25 KB
        Both:  6.25 KB

CodeHeap 'non-profiled nmethods': size=238912Kb used=10707Kb max_used=10707Kb free=228204Kb
 bounds [0x000001e549170000, 0x000001e549bf0000, 0x000001e557ac0000]
CodeHeap 'non-nmethods': size=6848Kb used=2354Kb max_used=2354Kb free=4493Kb
 bounds [0x000001e548ac0000, 0x000001e548d30000, 0x000001e549170000]
 total_blobs=6163 nmethods=5535 adapters=519
 compilation: enabled
              stopped_count=0, restarted_count=0
 full_count=0

Compilation events (10 events):
Event: 8.875 Thread 0x000001e55eb00000 nmethod 5561 0x000001e549be2910 code [0x000001e549be2b00, 0x000001e549be2d50]
Event: 8.875 Thread 0x000001e55f579000 nmethod 5562 0x000001e549be2e90 code [0x000001e549be3080, 0x000001e549be32f0]
Event: 8.876 Thread 0x000001e55eb00000 5563   !   1       com.sun.proxy.$Proxy9::equals (45 bytes)
Event: 8.877 Thread 0x000001e55eb00000 nmethod 5563 0x000001e549be3490 code [0x000001e549be3680, 0x000001e549be3a50]
Event: 8.884 Thread 0x000001e55f578800 5564   !   1       com.sun.proxy.$Proxy44::annotationType (35 bytes)
Event: 8.885 Thread 0x000001e55f578800 nmethod 5564 0x000001e549be3c90 code [0x000001e549be3e80, 0x000001e549be40d0]
Event: 8.885 Thread 0x000001e55f579000 5565       1       org.springframework.transaction.interceptor.TransactionAttributeSourcePointcut::matches (106 bytes)
Event: 8.886 Thread 0x000001e55f579000 nmethod 5565 0x000001e549be4210 code [0x000001e549be4460, 0x000001e549be47c0]
Event: 8.887 Thread 0x000001e55eb00000 5566       1       java.lang.reflect.Constructor::getParameterCount (6 bytes)
Event: 8.888 Thread 0x000001e55eb00000 nmethod 5566 0x000001e549be4990 code [0x000001e549be4b40, 0x000001e549be4c58]

GC Heap History (10 events):
Event: 5.691 GC heap before
{Heap before GC invocations=12 (full 0):
 garbage-first heap   total 208896K, used 144738K [0x0000000081c00000, 0x0000000100000000)
  region size 1024K, 122 young (124928K), 8 survivors (8192K)
 Metaspace       used 38587K, capacity 39697K, committed 39984K, reserved 1083392K
  class space    used 4672K, capacity 5138K, committed 5248K, reserved 1048576K
}
Event: 5.703 GC heap after
{Heap after GC invocations=13 (full 0):
 garbage-first heap   total 250880K, used 36618K [0x0000000081c00000, 0x0000000100000000)
  region size 1024K, 16 young (16384K), 16 survivors (16384K)
 Metaspace       used 38587K, capacity 39697K, committed 39984K, reserved 1083392K
  class space    used 4672K, capacity 5138K, committed 5248K, reserved 1048576K
}
Event: 6.590 GC heap before
{Heap before GC invocations=13 (full 0):
 garbage-first heap   total 250880K, used 170762K [0x0000000081c00000, 0x0000000100000000)
  region size 1024K, 147 young (150528K), 16 survivors (16384K)
 Metaspace       used 43881K, capacity 45121K, committed 45488K, reserved 1089536K
  class space    used 5253K, capacity 5776K, committed 5888K, reserved 1048576K
}
Event: 6.606 GC heap after
{Heap after GC invocations=14 (full 0):
 garbage-first heap   total 250880K, used 42007K [0x0000000081c00000, 0x0000000100000000)
  region size 1024K, 14 young (14336K), 14 survivors (14336K)
 Metaspace       used 43881K, capacity 45121K, committed 45488K, reserved 1089536K
  class space    used 5253K, capacity 5776K, committed 5888K, reserved 1048576K
}
Event: 7.327 GC heap before
{Heap before GC invocations=14 (full 0):
 garbage-first heap   total 250880K, used 178199K [0x0000000081c00000, 0x0000000100000000)
  region size 1024K, 147 young (150528K), 14 survivors (14336K)
 Metaspace       used 50496K, capacity 51751K, committed 52016K, reserved 1095680K
  class space    used 6185K, capacity 6685K, committed 6784K, reserved 1048576K
}
Event: 7.340 GC heap after
{Heap after GC invocations=15 (full 0):
 garbage-first heap   total 250880K, used 47457K [0x0000000081c00000, 0x0000000100000000)
  region size 1024K, 12 young (12288K), 12 survivors (12288K)
 Metaspace       used 50496K, capacity 51751K, committed 52016K, reserved 1095680K
  class space    used 6185K, capacity 6685K, committed 6784K, reserved 1048576K
}
Event: 8.299 GC heap before
{Heap before GC invocations=15 (full 0):
 garbage-first heap   total 250880K, used 186721K [0x0000000081c00000, 0x0000000100000000)
  region size 1024K, 147 young (150528K), 12 survivors (12288K)
 Metaspace       used 56873K, capacity 58105K, committed 58288K, reserved 1099776K
  class space    used 7109K, capacity 7652K, committed 7680K, reserved 1048576K
}
Event: 8.314 GC heap after
{Heap after GC invocations=16 (full 0):
 garbage-first heap   total 250880K, used 56944K [0x0000000081c00000, 0x0000000100000000)
  region size 1024K, 14 young (14336K), 14 survivors (14336K)
 Metaspace       used 56873K, capacity 58105K, committed 58288K, reserved 1099776K
  class space    used 7109K, capacity 7652K, committed 7680K, reserved 1048576K
}
Event: 8.671 GC heap before
{Heap before GC invocations=16 (full 0):
 garbage-first heap   total 250880K, used 105072K [0x0000000081c00000, 0x0000000100000000)
  region size 1024K, 62 young (63488K), 14 survivors (14336K)
 Metaspace       used 58836K, capacity 60191K, committed 60240K, reserved 1101824K
  class space    used 7347K, capacity 7924K, committed 7936K, reserved 1048576K
}
Event: 8.685 GC heap after
{Heap after GC invocations=17 (full 0):
 garbage-first heap   total 301056K, used 59392K [0x0000000081c00000, 0x0000000100000000)
  region size 1024K, 11 young (11264K), 11 survivors (11264K)
 Metaspace       used 58836K, capacity 60191K, committed 60240K, reserved 1101824K
  class space    used 7347K, capacity 7924K, committed 7936K, reserved 1048576K
}

Deoptimization events (0 events):
No events

Classes redefined (0 events):
No events

Internal exceptions (10 events):
Event: 8.632 Thread 0x000001e5407a8800 Exception <a 'java/lang/ClassNotFoundException'{0x000000008e6ae9d8}: norvina/domain/entities/BaseEntityCustomizer> (0x000000008e6ae9d8) thrown at [t:/workspace/open/src/hotspot/share/classfile/systemDictionary.cpp, line 231]
Event: 8.633 Thread 0x000001e5407a8800 Exception <a 'java/lang/ClassNotFoundException'{0x000000008e6bd7e8}: norvina/domain/entities/BrandCustomizer> (0x000000008e6bd7e8) thrown at [t:/workspace/open/src/hotspot/share/classfile/systemDictionary.cpp, line 231]
Event: 8.646 Thread 0x000001e5407a8800 Exception <a 'java/lang/NoSuchMethodError'{0x000000008e4c4088}: java.lang.invoke.DirectMethodHandle$Holder.invokeVirtual(Ljava/lang/Object;Ljava/lang/Object;Ljava/lang/Object;)I> (0x000000008e4c4088) thrown at [t:/workspace/open/src/hotspot/share/interpre
Event: 8.650 Thread 0x000001e5407a8800 Exception <a 'java/lang/ClassNotFoundException'{0x000000008e304a40}: java/lang/ObjectCustomizer> (0x000000008e304a40) thrown at [t:/workspace/open/src/hotspot/share/classfile/systemDictionary.cpp, line 231]
Event: 8.650 Thread 0x000001e5407a8800 Exception <a 'java/lang/ClassNotFoundException'{0x000000008e314530}: norvina/domain/entities/BaseEntityCustomizer> (0x000000008e314530) thrown at [t:/workspace/open/src/hotspot/share/classfile/systemDictionary.cpp, line 231]
Event: 8.651 Thread 0x000001e5407a8800 Exception <a 'java/lang/ClassNotFoundException'{0x000000008e321e58}: norvina/domain/entities/ProductCustomizer> (0x000000008e321e58) thrown at [t:/workspace/open/src/hotspot/share/classfile/systemDictionary.cpp, line 231]
Event: 8.688 Thread 0x000001e5407a8800 Exception <a 'java/lang/IncompatibleClassChangeError'{0x0000000094152960}: Found class java.lang.Object, but interface was expected> (0x0000000094152960) thrown at [t:/workspace/open/src/hotspot/share/interpreter/linkResolver.cpp, line 856]
Event: 8.764 Thread 0x000001e5407a8800 Exception <a 'java/lang/reflect/InvocationTargetException'{0x000000009388f078}> (0x000000009388f078) thrown at [t:/workspace/open/src/hotspot/share/runtime/reflection.cpp, line 1242]
Event: 8.776 Thread 0x000001e5407a8800 Exception <a 'java/lang/NoSuchMethodError'{0x000000009379a808}: java.lang.invoke.Invokers$Holder.linkToTargetMethod(Ljava/lang/Object;ILjava/lang/Object;)Ljava/lang/Object;> (0x000000009379a808) thrown at [t:/workspace/open/src/hotspot/share/interpreter/l
Event: 8.855 Thread 0x000001e5407a8800 Exception <a 'java/lang/NoSuchMethodError'{0x0000000092d06650}: java.lang.invoke.DirectMethodHandle$Holder.invokeStaticInit(Ljava/lang/Object;Ljava/lang/Object;Ljava/lang/Object;Ljava/lang/Object;)V> (0x0000000092d06650) thrown at [t:/workspace/open/src/h

Events (10 events):
Event: 8.916 loading class org/modelmapper/Module
Event: 8.916 loading class org/modelmapper/Module done
Event: 8.916 loading class org/modelmapper/PropertyMap
Event: 8.916 loading class org/modelmapper/PropertyMap done
Event: 8.917 loading class org/modelmapper/TypeMap
Event: 8.917 loading class org/modelmapper/TypeMap done
Event: 8.920 loading class org/springframework/web/multipart/MultipartFile
Event: 8.920 loading class org/springframework/web/multipart/MultipartFile done
Event: 8.925 loading class norvina/config/ApplicationCloudConfiguration$1
Event: 8.925 loading class norvina/config/ApplicationCloudConfiguration$1 done


Dynamic libraries:
0x00007ff6dba80000 - 0x00007ff6dbac7000 	C:\Program Files\Java\jdk-11.0.1\bin\java.exe
0x00007ffcf3570000 - 0x00007ffcf3751000 	C:\windows\SYSTEM32\ntdll.dll
0x00007ffcf26b0000 - 0x00007ffcf2762000 	C:\windows\System32\KERNEL32.DLL
0x00007ffcf03f0000 - 0x00007ffcf0663000 	C:\windows\System32\KERNELBASE.dll
0x00007ffcf2770000 - 0x00007ffcf2811000 	C:\windows\System32\ADVAPI32.dll
0x00007ffcf29e0000 - 0x00007ffcf2a7e000 	C:\windows\System32\msvcrt.dll
0x00007ffcf3060000 - 0x00007ffcf30bb000 	C:\windows\System32\sechost.dll
0x00007ffcf2850000 - 0x00007ffcf2974000 	C:\windows\System32\RPCRT4.dll
0x00007ffcf30c0000 - 0x00007ffcf3250000 	C:\windows\System32\USER32.dll
0x00007ffcf09e0000 - 0x00007ffcf0a00000 	C:\windows\System32\win32u.dll
0x00007ffcf0fb0000 - 0x00007ffcf0fd8000 	C:\windows\System32\GDI32.dll
0x00007ffcf07e0000 - 0x00007ffcf0972000 	C:\windows\System32\gdi32full.dll
0x00007ffcf0740000 - 0x00007ffcf07df000 	C:\windows\System32\msvcp_win.dll
0x00007ffcf02f0000 - 0x00007ffcf03e8000 	C:\windows\System32\ucrtbase.dll
0x00007ffce77f0000 - 0x00007ffce7a59000 	C:\windows\WinSxS\amd64_microsoft.windows.common-controls_6595b64144ccf1df_6.0.17134.648_none_fb45a0e93062a6d2\COMCTL32.dll
0x00007ffcec410000 - 0x00007ffcec41a000 	C:\windows\SYSTEM32\VERSION.dll
0x00007ffcf0c80000 - 0x00007ffcf0fa2000 	C:\windows\System32\combase.dll
0x00007ffcf06c0000 - 0x00007ffcf073a000 	C:\windows\System32\bcryptPrimitives.dll
0x00007ffcf2670000 - 0x00007ffcf269d000 	C:\windows\System32\IMM32.DLL
0x00007ffce5800000 - 0x00007ffce5816000 	C:\Program Files\Java\jdk-11.0.1\bin\vcruntime140.dll
0x00007ffce1f00000 - 0x00007ffce1faa000 	C:\Program Files\Java\jdk-11.0.1\bin\msvcp140.dll
0x00007ffcada30000 - 0x00007ffcae572000 	C:\Program Files\Java\jdk-11.0.1\bin\server\jvm.dll
0x00007ffcf2ed0000 - 0x00007ffcf2ed8000 	C:\windows\System32\PSAPI.DLL
0x00007ffce5f60000 - 0x00007ffce5f69000 	C:\windows\SYSTEM32\WSOCK32.dll
0x00007ffcd8520000 - 0x00007ffcd8543000 	C:\windows\SYSTEM32\WINMM.dll
0x00007ffcf0c10000 - 0x00007ffcf0c7c000 	C:\windows\System32\WS2_32.dll
0x00007ffce21b0000 - 0x00007ffce21da000 	C:\windows\SYSTEM32\WINMMBASE.dll
0x00007ffcf0670000 - 0x00007ffcf06b9000 	C:\windows\System32\cfgmgr32.dll
0x00007ffcef920000 - 0x00007ffcef931000 	C:\windows\System32\kernel.appcore.dll
0x00007ffce57a0000 - 0x00007ffce57b1000 	C:\Program Files\Java\jdk-11.0.1\bin\verify.dll
0x00007ffcee4c0000 - 0x00007ffcee689000 	C:\windows\SYSTEM32\DBGHELP.DLL
0x00007ffce8940000 - 0x00007ffce8969000 	C:\windows\SYSTEM32\dbgcore.DLL
0x00007ffce4f70000 - 0x00007ffce4f99000 	C:\Program Files\Java\jdk-11.0.1\bin\java.dll
0x00007ffce4f40000 - 0x00007ffce4f6f000 	C:\Program Files\Java\jdk-11.0.1\bin\instrument.dll
0x00007ffce5740000 - 0x00007ffce5756000 	C:\Program Files\Java\jdk-11.0.1\bin\zip.dll
0x00007ffceaf70000 - 0x00007ffceaf7a000 	C:\Program Files\Java\jdk-11.0.1\bin\jimage.dll
0x00007ffcf0fe0000 - 0x00007ffcf2420000 	C:\windows\System32\SHELL32.dll
0x00007ffcf25c0000 - 0x00007ffcf2669000 	C:\windows\System32\shcore.dll
0x00007ffcef940000 - 0x00007ffcf004d000 	C:\windows\System32\windows.storage.dll
0x00007ffcf0ad0000 - 0x00007ffcf0b21000 	C:\windows\System32\shlwapi.dll
0x00007ffcef8e0000 - 0x00007ffcef8ff000 	C:\windows\System32\profapi.dll
0x00007ffcef890000 - 0x00007ffcef8dc000 	C:\windows\System32\powrprof.dll
0x00007ffcef880000 - 0x00007ffcef88a000 	C:\windows\System32\FLTLIB.DLL
0x00007ffce52b0000 - 0x00007ffce52c9000 	C:\Program Files\Java\jdk-11.0.1\bin\net.dll
0x00007ffcec0f0000 - 0x00007ffcec1cd000 	C:\windows\SYSTEM32\WINHTTP.dll
0x00007ffcef100000 - 0x00007ffcef166000 	C:\windows\system32\mswsock.dll
0x00007ffce4ef0000 - 0x00007ffce4f03000 	C:\Program Files\Java\jdk-11.0.1\bin\nio.dll
0x00007ffcea0e0000 - 0x00007ffcea0e9000 	C:\Program Files\Java\jdk-11.0.1\bin\management.dll
0x00007ffcea000000 - 0x00007ffcea00c000 	C:\Program Files\Java\jdk-11.0.1\bin\management_ext.dll
0x00007ffce9630000 - 0x00007ffce9646000 	C:\windows\system32\napinsp.dll
0x00007ffce93c0000 - 0x00007ffce93da000 	C:\windows\system32\pnrpnsp.dll
0x00007ffceadb0000 - 0x00007ffceadc9000 	C:\windows\system32\NLAapi.dll
0x00007ffceeed0000 - 0x00007ffceef8e000 	C:\windows\SYSTEM32\DNSAPI.dll
0x00007ffcf2820000 - 0x00007ffcf2828000 	C:\windows\System32\NSI.dll
0x00007ffceee80000 - 0x00007ffceeeb8000 	C:\windows\SYSTEM32\IPHLPAPI.DLL
0x00007ffcec780000 - 0x00007ffcec78e000 	C:\windows\System32\winrnr.dll
0x00007ffce89b0000 - 0x00007ffce89c5000 	C:\windows\System32\wshbth.dll
0x00007ffce77e0000 - 0x00007ffce77ea000 	C:\Windows\System32\rasadhlp.dll
0x00007ffce7f20000 - 0x00007ffce7f92000 	C:\windows\System32\fwpuclnt.dll
0x00007ffcef3e0000 - 0x00007ffcef405000 	C:\windows\SYSTEM32\bcrypt.dll
0x00007ffcef2c0000 - 0x00007ffcef2d7000 	C:\windows\SYSTEM32\CRYPTSP.dll
0x00007ffceece0000 - 0x00007ffceed13000 	C:\windows\system32\rsaenh.dll
0x00007ffcef780000 - 0x00007ffcef7a8000 	C:\windows\SYSTEM32\USERENV.dll
0x00007ffcef2b0000 - 0x00007ffcef2bb000 	C:\windows\SYSTEM32\CRYPTBASE.dll
0x00007ffce8a60000 - 0x00007ffce8a76000 	C:\windows\SYSTEM32\dhcpcsvc6.DLL
0x00007ffce8b10000 - 0x00007ffce8b2a000 	C:\windows\SYSTEM32\dhcpcsvc.DLL
0x00007ffce1eb0000 - 0x00007ffce1eca000 	C:\Program Files\JetBrains\IntelliJ IDEA 2018.1.4\bin\breakgen64.dll

dbghelp: loaded successfully - version: 4.0.5 - missing functions: none
symbol engine: initialized successfully - sym options: 0x614 - pdb path: .;C:\Program Files\Java\jdk-11.0.1\bin;C:\windows\SYSTEM32;C:\windows\WinSxS\amd64_microsoft.windows.common-controls_6595b64144ccf1df_6.0.17134.648_none_fb45a0e93062a6d2;C:\Program Files\Java\jdk-11.0.1\bin\server;C:\Program Files\JetBrains\IntelliJ IDEA 2018.1.4\bin

VM Arguments:
jvm_args: -javaagent:C:\Program Files\JetBrains\IntelliJ IDEA 2018.1.4\lib\coverage-agent.jar=C:\Users\raya\AppData\Local\Temp\coverage2args -XX:TieredStopAtLevel=1 -Xverify:none -Dspring.output.ansi.enabled=always -Dcom.sun.management.jmxremote -Dcom.sun.management.jmxremote.port=57129 -Dcom.sun.management.jmxremote.authenticate=false -Dcom.sun.management.jmxremote.ssl=false -Djava.rmi.server.hostname=localhost -Dspring.liveBeansView.mbeanDomain -Dspring.application.admin.enabled=true -Didea.launcher.port=57130 -Didea.launcher.bin.path=C:\Program Files\JetBrains\IntelliJ IDEA 2018.1.4\bin -Dfile.encoding=UTF-8 
java_command: com.intellij.rt.execution.application.AppMainV2 norvina.NotinoApplication
java_class_path (initial): C:\Users\raya\IdeaProjects\Notino\target\classes;C:\Users\raya\.m2\repository\org\springframework\boot\spring-boot-starter-data-jpa\2.1.3.RELEASE\spring-boot-starter-data-jpa-2.1.3.RELEASE.jar;C:\Users\raya\.m2\repository\org\springframework\boot\spring-boot-starter-aop\2.1.3.RELEASE\spring-boot-starter-aop-2.1.3.RELEASE.jar;C:\Users\raya\.m2\repository\org\aspectj\aspectjweaver\1.9.2\aspectjweaver-1.9.2.jar;C:\Users\raya\.m2\repository\org\springframework\boot\spring-boot-starter-jdbc\2.1.3.RELEASE\spring-boot-starter-jdbc-2.1.3.RELEASE.jar;C:\Users\raya\.m2\repository\com\zaxxer\HikariCP\3.2.0\HikariCP-3.2.0.jar;C:\Users\raya\.m2\repository\org\springframework\spring-jdbc\5.1.5.RELEASE\spring-jdbc-5.1.5.RELEASE.jar;C:\Users\raya\.m2\repository\javax\transaction\javax.transaction-api\1.3\javax.transaction-api-1.3.jar;C:\Users\raya\.m2\repository\javax\xml\bind\jaxb-api\2.3.1\jaxb-api-2.3.1.jar;C:\Users\raya\.m2\repository\javax\activation\javax.activation-api\1.2.0\javax.activation-api-1.2.0.jar;C:\Users\raya\.m2\repository\org\hibernate\hibernate-core\5.3.7.Final\hibernate-core-5.3.7.Final.jar;C:\Users\raya\.m2\repository\org\jboss\logging\jboss-logging\3.3.2.Final\jboss-logging-3.3.2.Final.jar;C:\Users\raya\.m2\repository\javax\persistence\javax.persistence-api\2.2\javax.persistence-api-2.2.jar;C:\Users\raya\.m2\repository\org\javassist\javassist\3.23.1-GA\javassist-3.23.1-GA.jar;C:\Users\raya\.m2\repository\net\bytebuddy\byte-buddy\1.9.10\byte-buddy-1.9.10.jar;C:\Users\raya\.m2\repository\antlr\antlr\2.7.7\antlr-2.7.7.jar;C:\Users\raya\.m2\repository\org\jboss\jandex\2.0.5.Final\jandex-2.0.5.Final.jar;C:\Users\raya\.m2\repository\com\fasterxml\classmate\1.4.0\classmate-1.4.0.jar;C:\Users\raya\.m2\repository\org\dom4j\dom4j\2.1.1\dom4j-2.1.1.jar;C:\Users\raya\.m2\repository\org\hibernate\common\hibernate-commons-annotations\5.0.4.Final\hibernate-commons-annotations-5.0.4.Final.jar;C:\Users\raya\.m2\repository\org\springframework\data\
Launcher Type: SUN_STANDARD

[Global flags]
     bool BytecodeVerificationLocal                = false                                     {product} {command line}
     bool BytecodeVerificationRemote               = false                                     {product} {command line}
     intx CICompilerCount                          = 3                                         {product} {ergonomic}
     uint ConcGCThreads                            = 1                                         {product} {ergonomic}
     uint G1ConcRefinementThreads                  = 4                                         {product} {ergonomic}
   size_t G1HeapRegionSize                         = 1048576                                   {product} {ergonomic}
    uintx GCDrainStackTargetSize                   = 64                                        {product} {ergonomic}
   size_t InitialHeapSize                          = 134217728                                 {product} {ergonomic}
     bool ManagementServer                         = true                                      {product} {command line}
   size_t MarkStackSize                            = 4194304                                   {product} {ergonomic}
   size_t MaxHeapSize                              = 2118123520                                {product} {ergonomic}
   size_t MaxNewSize                               = 1270874112                                {product} {ergonomic}
   size_t MinHeapDeltaBytes                        = 1048576                                   {product} {ergonomic}
    uintx NonNMethodCodeHeapSize                   = 6973028                                {pd product} {ergonomic}
    uintx NonProfiledCodeHeapSize                  = 244685212                              {pd product} {ergonomic}
    uintx ProfiledCodeHeapSize                     = 0                                      {pd product} {ergonomic}
    uintx ReservedCodeCacheSize                    = 251658240                              {pd product} {ergonomic}
     bool SegmentedCodeCache                       = true                                      {product} {ergonomic}
     intx TieredStopAtLevel                        = 1                                         {product} {command line}
     bool UseCompressedClassPointers               = true                                 {lp64_product} {ergonomic}
     bool UseCompressedOops                        = true                                 {lp64_product} {ergonomic}
     bool UseG1GC                                  = true                                      {product} {ergonomic}
     bool UseLargePagesIndividualAllocation        = false                                  {pd product} {ergonomic}

Logging:
Log output configuration:
 #0: stdout all=warning uptime,level,tags
 #1: stderr all=off uptime,level,tags

Environment Variables:
PATH=C:\Program Files (x86)\Common Files\Oracle\Java\javapath;C:\Program Files (x86)\Intel\iCLS Client\;C:\Program Files\Microsoft MPI\Bin\;C:\Program Files\Intel\iCLS Client\;C:\ProgramData\Oracle\Java\javapath;C:\windows\system32;C:\windows;C:\windows\System32\Wbem;C:\windows\System32\WindowsPowerShell\v1.0\;C:\Program Files\TortoiseGit\bin;C:\Program Files\nodejs\;C:\xampp\php;C:\ProgramData\ComposerSetup\bin;C:\Program Files\Microsoft SQL Server\Client SDK\ODBC\130\Tools\Binn\;C:\Program Files (x86)\Microsoft SQL Server\140\Tools\Binn\;C:\Program Files\Microsoft SQL Server\140\Tools\Binn\;C:\Program Files\Microsoft SQL Server\140\DTS\Binn\;C:\Program Files (x86)\Microsoft SQL Server\140\DTS\Binn\;C:\Program Files\Microsoft SQL Server\130\Tools\Binn\;C:\Program Files\dotnet\;C:\Program Files (x86)\Microsoft SQL Server\Client SDK\ODBC\130\Tools\Binn\;C:\Program Files (x86)\Microsoft SQL Server\140\Tools\Binn\ManagementStudio\;C:\Program Files (x86)\Intel\Intel(R) Management Engine Components\DAL;C:\Program Files\Intel\Intel(R) Management Engine Components\DAL;C:\Program Files (x86)\Intel\Intel(R) Management Engine Components\IPT;C:\Program Files\Intel\Intel(R) Management Engine Components\IPT;C:\windows\System32\OpenSSH\;C:\Program Files\Git\cmd;C:\Users\raya\AppData\Local\Microsoft\WindowsApps;C:\Users\raya\AppData\Roaming\npm;C:\Program Files\MongoDB\Server\3.4\bin;C:\Users\raya\AppData\Roaming\Composer\vendor\bin;
USERNAME=raya
OS=Windows_NT
PROCESSOR_IDENTIFIER=Intel64 Family 6 Model 142 Stepping 9, GenuineIntel



---------------  S Y S T E M  ---------------

OS: Windows 10 , 64 bit Build 17134 (10.0.17134.648)

CPU:total 4 (initial active 4) (2 cores per cpu, 2 threads per core) family 6 model 142 stepping 9, cmov, cx8, fxsr, mmx, sse, sse2, sse3, ssse3, sse4.1, sse4.2, popcnt, avx, avx2, aes, clmul, erms, 3dnowpref, lzcnt, ht, tsc, tscinvbit, bmi1, bmi2, adx, fma

Memory: 4k page, system-wide physical 8077M (2813M free)
TotalPageFile size 10893M (AvailPageFile size 2336M)
current process WorkingSet (physical memory assigned to process): 412M, peak: 412M
current process commit charge ("private bytes"): 465M, peak: 465M

vm_info: Java HotSpot(TM) 64-Bit Server VM (11.0.1+13-LTS) for windows-amd64 JRE (11.0.1+13-LTS), built on Oct  6 2018 13:20:16 by "mach5one" with MS VC++ 15.5 (VS2017)

END.
